###############################################################
#  Generated by:      Cadence Innovus 19.17-s077_1
#  OS:                Linux x86_64(Host ID ieng6-ece-17.ucsd.edu)
#  Generated on:      Sat Mar 18 23:18:30 2023
#  Design:            fullchip
#  Command:           report_timing -max_paths 5 > ${design}.post_route.timing.rpt
###############################################################
Path 1: MET Setup Check with Pin core_instance_mac_array_instance_col_idx_2__
mac_col_inst_mac_16in_instance_product4_4by4_reg_reg_7_/CP 
Endpoint:   core_instance_mac_array_instance_col_idx_2__mac_col_inst_mac_16in_
instance_product4_4by4_reg_reg_7_/D (^) checked with  leading edge of 'clk'
Beginpoint: core_instance_mac_array_instance_col_idx_2__mac_col_inst_query_q_
reg_33_/Q                            (^) triggered by  leading edge of 'clk'
Path Groups: {clk}
Analysis View: WC_VIEW
Other End Arrival Time          0.177
- Setup                         0.015
+ Phase Shift                   1.200
+ CPPR Adjustment               0.000
= Required Time                 1.362
- Arrival Time                  1.360
= Slack Time                    0.002
     Clock Rise Edge                 0.000
     + Clock Network Latency (Prop)  0.178
     = Beginpoint Arrival Time       0.178
     +-----------------------------------------------------------------------------------------------------------+ 
     |                      Instance                      |     Arc      |   Cell   | Delay | Arrival | Required | 
     |                                                    |              |          |       |  Time   |   Time   | 
     |----------------------------------------------------+--------------+----------+-------+---------+----------| 
     | core_instance_mac_array_instance_col_idx_2__mac_co | CP ^         |          |       |   0.178 |    0.180 | 
     | l_inst_query_q_reg_33_                             |              |          |       |         |          | 
     | core_instance_mac_array_instance_col_idx_2__mac_co | CP ^ -> Q ^  | EDFQD1   | 0.133 |   0.311 |    0.313 | 
     | l_inst_query_q_reg_33_                             |              |          |       |         |          | 
     | FE_OFC424_core_instance_mac_array_instance_q_temp_ | I ^ -> ZN v  | INVD1    | 0.054 |   0.366 |    0.368 | 
     | 161                                                |              |          |       |         |          | 
     | U10577                                             | A1 v -> ZN ^ | NR2D0    | 0.106 |   0.472 |    0.474 | 
     | U10582                                             | B ^ -> CO ^  | HA1D0    | 0.102 |   0.574 |    0.576 | 
     | U10592                                             | CI ^ -> S v  | FA1D0    | 0.121 |   0.694 |    0.696 | 
     | U10595                                             | A v -> CO v  | FA1D0    | 0.174 |   0.868 |    0.870 | 
     | U10776                                             | CI v -> CO v | FA1D0    | 0.095 |   0.963 |    0.965 | 
     | U10849                                             | CI v -> CO v | FA1D0    | 0.098 |   1.061 |    1.063 | 
     | U11135                                             | CI v -> CO v | FA1D0    | 0.099 |   1.159 |    1.161 | 
     | U4273                                              | A2 v -> Z ^  | CKXOR2D0 | 0.122 |   1.281 |    1.283 | 
     | U4272                                              | A1 ^ -> Z ^  | CKAN2D0  | 0.079 |   1.360 |    1.362 | 
     | core_instance_mac_array_instance_col_idx_2__mac_co | D ^          | DFQD1    | 0.000 |   1.360 |    1.362 | 
     | l_inst_mac_16in_instance_product4_4by4_reg_reg_7_  |              |          |       |         |          | 
     +-----------------------------------------------------------------------------------------------------------+ 
Path 2: MET Setup Check with Pin core_instance_mac_array_instance_col_idx_6__
mac_col_inst_mac_16in_instance_product1_4by4_reg_reg_7_/CP 
Endpoint:   core_instance_mac_array_instance_col_idx_6__mac_col_inst_mac_16in_
instance_product1_4by4_reg_reg_7_/D (^) checked with  leading edge of 'clk'
Beginpoint: core_instance_mac_array_instance_col_idx_6__mac_col_inst_query_q_
reg_9_/Q                             (^) triggered by  leading edge of 'clk'
Path Groups: {clk}
Analysis View: WC_VIEW
Other End Arrival Time          0.172
- Setup                         0.015
+ Phase Shift                   1.200
+ CPPR Adjustment               0.000
= Required Time                 1.357
- Arrival Time                  1.352
= Slack Time                    0.005
     Clock Rise Edge                 0.000
     + Clock Network Latency (Prop)  0.210
     = Beginpoint Arrival Time       0.210
     +-----------------------------------------------------------------------------------------------------------+ 
     |                      Instance                      |     Arc      |   Cell   | Delay | Arrival | Required | 
     |                                                    |              |          |       |  Time   |   Time   | 
     |----------------------------------------------------+--------------+----------+-------+---------+----------| 
     | core_instance_mac_array_instance_col_idx_6__mac_co | CP ^         |          |       |   0.210 |    0.215 | 
     | l_inst_query_q_reg_9_                              |              |          |       |         |          | 
     | core_instance_mac_array_instance_col_idx_6__mac_co | CP ^ -> Q ^  | EDFQD1   | 0.137 |   0.346 |    0.351 | 
     | l_inst_query_q_reg_9_                              |              |          |       |         |          | 
     | FE_OFC277_core_instance_mac_array_instance_q_temp_ | I ^ -> ZN v  | INVD1    | 0.052 |   0.398 |    0.403 | 
     | 393                                                |              |          |       |         |          | 
     | U7332                                              | A1 v -> ZN ^ | NR2D0    | 0.090 |   0.488 |    0.493 | 
     | U7719                                              | B ^ -> S v   | FA1D0    | 0.192 |   0.680 |    0.685 | 
     | U7722                                              | A v -> CO v  | FA1D0    | 0.180 |   0.859 |    0.864 | 
     | U7724                                              | CI v -> CO v | FA1D0    | 0.101 |   0.960 |    0.965 | 
     | U8485                                              | CI v -> CO v | FA1D0    | 0.099 |   1.060 |    1.065 | 
     | U11535                                             | CI v -> CO v | FA1D0    | 0.095 |   1.154 |    1.159 | 
     | U4216                                              | A2 v -> Z ^  | CKXOR2D0 | 0.121 |   1.276 |    1.281 | 
     | U11536                                             | A1 ^ -> Z ^  | CKAN2D1  | 0.076 |   1.352 |    1.357 | 
     | core_instance_mac_array_instance_col_idx_6__mac_co | D ^          | DFQD1    | 0.000 |   1.352 |    1.357 | 
     | l_inst_mac_16in_instance_product1_4by4_reg_reg_7_  |              |          |       |         |          | 
     +-----------------------------------------------------------------------------------------------------------+ 
Path 3: MET Setup Check with Pin core_instance_mac_array_instance_col_idx_1__
mac_col_inst_mac_16in_instance_product1_4by4_reg_reg_7_/CP 
Endpoint:   core_instance_mac_array_instance_col_idx_1__mac_col_inst_mac_16in_
instance_product1_4by4_reg_reg_7_/D (^) checked with  leading edge of 'clk'
Beginpoint: core_instance_mac_array_instance_col_idx_1__mac_col_inst_query_q_
reg_10_/Q                            (^) triggered by  leading edge of 'clk'
Path Groups: {clk}
Analysis View: WC_VIEW
Other End Arrival Time          0.178
- Setup                         0.013
+ Phase Shift                   1.200
+ CPPR Adjustment               0.000
= Required Time                 1.364
- Arrival Time                  1.358
= Slack Time                    0.007
     Clock Rise Edge                 0.000
     + Clock Network Latency (Prop)  0.207
     = Beginpoint Arrival Time       0.207
     +-----------------------------------------------------------------------------------------------------------+ 
     |                      Instance                      |     Arc      |   Cell   | Delay | Arrival | Required | 
     |                                                    |              |          |       |  Time   |   Time   | 
     |----------------------------------------------------+--------------+----------+-------+---------+----------| 
     | core_instance_mac_array_instance_col_idx_1__mac_co | CP ^         |          |       |   0.207 |    0.214 | 
     | l_inst_query_q_reg_10_                             |              |          |       |         |          | 
     | core_instance_mac_array_instance_col_idx_1__mac_co | CP ^ -> Q ^  | EDFQD1   | 0.137 |   0.345 |    0.352 | 
     | l_inst_query_q_reg_10_                             |              |          |       |         |          | 
     | FE_OFC500_core_instance_mac_array_instance_q_temp_ | I ^ -> ZN v  | INVD1    | 0.050 |   0.394 |    0.401 | 
     | 74                                                 |              |          |       |         |          | 
     | U5788                                              | A1 v -> ZN ^ | NR2D0    | 0.110 |   0.504 |    0.511 | 
     | U6454                                              | B ^ -> CO ^  | HA1D0    | 0.109 |   0.613 |    0.620 | 
     | U6828                                              | B ^ -> S v   | FA1D0    | 0.170 |   0.783 |    0.790 | 
     | U6829                                              | A v -> CO v  | FA1D0    | 0.174 |   0.957 |    0.964 | 
     | U8055                                              | CI v -> CO v | FA1D0    | 0.096 |   1.053 |    1.060 | 
     | U9395                                              | CI v -> CO v | FA1D0    | 0.094 |   1.147 |    1.154 | 
     | U9396                                              | A2 v -> Z ^  | CKXOR2D0 | 0.135 |   1.282 |    1.289 | 
     | U4282                                              | A1 ^ -> Z ^  | AN2D2    | 0.075 |   1.357 |    1.364 | 
     | core_instance_mac_array_instance_col_idx_1__mac_co | D ^          | DFQD1    | 0.000 |   1.358 |    1.364 | 
     | l_inst_mac_16in_instance_product1_4by4_reg_reg_7_  |              |          |       |         |          | 
     +-----------------------------------------------------------------------------------------------------------+ 
Path 4: MET Setup Check with Pin core_instance_mac_array_instance_col_idx_5__
mac_col_inst_mac_16in_instance_product2_4by4_reg_reg_7_/CP 
Endpoint:   core_instance_mac_array_instance_col_idx_5__mac_col_inst_mac_16in_
instance_product2_4by4_reg_reg_7_/D (^) checked with  leading edge of 'clk'
Beginpoint: core_instance_mac_array_instance_col_idx_5__mac_col_inst_key_q_reg_
18_/Q                              (^) triggered by  leading edge of 'clk'
Path Groups: {clk}
Analysis View: WC_VIEW
Other End Arrival Time          0.169
- Setup                         0.011
+ Phase Shift                   1.200
+ CPPR Adjustment               0.000
= Required Time                 1.358
- Arrival Time                  1.349
= Slack Time                    0.008
     Clock Rise Edge                 0.000
     + Clock Network Latency (Prop)  0.208
     = Beginpoint Arrival Time       0.208
     +----------------------------------------------------------------------------------------------------------+ 
     |                      Instance                      |     Arc      |  Cell   | Delay | Arrival | Required | 
     |                                                    |              |         |       |  Time   |   Time   | 
     |----------------------------------------------------+--------------+---------+-------+---------+----------| 
     | core_instance_mac_array_instance_col_idx_5__mac_co | CP ^         |         |       |   0.208 |    0.217 | 
     | l_inst_key_q_reg_18_                               |              |         |       |         |          | 
     | core_instance_mac_array_instance_col_idx_5__mac_co | CP ^ -> Q ^  | EDFQD1  | 0.130 |   0.338 |    0.346 | 
     | l_inst_key_q_reg_18_                               |              |         |       |         |          | 
     | U5515                                              | I ^ -> ZN v  | INVD0   | 0.074 |   0.412 |    0.421 | 
     | U5742                                              | A2 v -> ZN ^ | NR2D0   | 0.108 |   0.521 |    0.529 | 
     | U6403                                              | B ^ -> S v   | FA1D0   | 0.191 |   0.711 |    0.720 | 
     | U6408                                              | A v -> CO v  | FA1D0   | 0.172 |   0.883 |    0.892 | 
     | U6720                                              | CI v -> CO v | FA1D0   | 0.104 |   0.987 |    0.995 | 
     | U8029                                              | CI v -> CO v | FA1D0   | 0.101 |   1.088 |    1.096 | 
     | U11389                                             | CI v -> CO v | FA1D0   | 0.098 |   1.186 |    1.194 | 
     | U4232                                              | A2 v -> Z ^  | XOR2D1  | 0.100 |   1.286 |    1.294 | 
     | U4231                                              | A1 ^ -> Z ^  | CKAN2D1 | 0.063 |   1.349 |    1.358 | 
     | core_instance_mac_array_instance_col_idx_5__mac_co | D ^          | DFQD1   | 0.000 |   1.349 |    1.358 | 
     | l_inst_mac_16in_instance_product2_4by4_reg_reg_7_  |              |         |       |         |          | 
     +----------------------------------------------------------------------------------------------------------+ 
Path 5: MET Setup Check with Pin core_instance_mac_array_instance_col_idx_5__
mac_col_inst_mac_16in_instance_product4_4by4_reg_reg_7_/CP 
Endpoint:   core_instance_mac_array_instance_col_idx_5__mac_col_inst_mac_16in_
instance_product4_4by4_reg_reg_7_/D (^) checked with  leading edge of 'clk'
Beginpoint: core_instance_mac_array_instance_col_idx_5__mac_col_inst_query_q_
reg_33_/Q                            (^) triggered by  leading edge of 'clk'
Path Groups: {clk}
Analysis View: WC_VIEW
Other End Arrival Time          0.166
- Setup                         0.015
+ Phase Shift                   1.200
+ CPPR Adjustment               0.000
= Required Time                 1.351
- Arrival Time                  1.342
= Slack Time                    0.009
     Clock Rise Edge                 0.000
     + Clock Network Latency (Prop)  0.170
     = Beginpoint Arrival Time       0.170
     +-----------------------------------------------------------------------------------------------------------+ 
     |                      Instance                      |     Arc      |   Cell   | Delay | Arrival | Required | 
     |                                                    |              |          |       |  Time   |   Time   | 
     |----------------------------------------------------+--------------+----------+-------+---------+----------| 
     | core_instance_mac_array_instance_col_idx_5__mac_co | CP ^         |          |       |   0.170 |    0.179 | 
     | l_inst_query_q_reg_33_                             |              |          |       |         |          | 
     | core_instance_mac_array_instance_col_idx_5__mac_co | CP ^ -> Q ^  | EDFQD1   | 0.137 |   0.306 |    0.315 | 
     | l_inst_query_q_reg_33_                             |              |          |       |         |          | 
     | FE_OFC337_core_instance_mac_array_instance_q_temp_ | I ^ -> ZN v  | INVD1    | 0.059 |   0.365 |    0.374 | 
     | 353                                                |              |          |       |         |          | 
     | U8121                                              | A1 v -> ZN ^ | NR2D0    | 0.130 |   0.495 |    0.504 | 
     | U11415                                             | B ^ -> S v   | FA1D0    | 0.207 |   0.702 |    0.711 | 
     | U2935                                              | C v -> S v   | CMPE42D1 | 0.267 |   0.969 |    0.978 | 
     | U11429                                             | A v -> CO v  | FA1D0    | 0.173 |   1.143 |    1.152 | 
     | U4237                                              | A2 v -> Z ^  | CKXOR2D0 | 0.121 |   1.264 |    1.273 | 
     | U4236                                              | A1 ^ -> Z ^  | CKAN2D0  | 0.078 |   1.342 |    1.351 | 
     | core_instance_mac_array_instance_col_idx_5__mac_co | D ^          | DFQD1    | 0.000 |   1.342 |    1.351 | 
     | l_inst_mac_16in_instance_product4_4by4_reg_reg_7_  |              |          |       |         |          | 
     +-----------------------------------------------------------------------------------------------------------+ 

