###############################################################
#  Generated by:      Cadence Innovus 19.17-s077_1
#  OS:                Linux x86_64(Host ID ieng6-ece-17.ucsd.edu)
#  Generated on:      Sat Mar 18 23:26:31 2023
#  Design:            fullchip
#  Command:           checkPinAssignment
###############################################################

Start Checking pins of top cell: [fullchip] 
**ERROR: (IMPPTN-1755):   Pin [out[95]] of partition [fullchip] connected to net [out[95]] is [PLACED] at location ( 236.500,    0.000) on layer 3 is NOT ON ALLOWED PIN LAYER.
**ERROR: (IMPPTN-1755):   Pin [out[94]] of partition [fullchip] connected to net [out[94]] is [PLACED] at location ( 235.500,    0.000) on layer 3 is NOT ON ALLOWED PIN LAYER.
**ERROR: (IMPPTN-1755):   Pin [out[93]] of partition [fullchip] connected to net [out[93]] is [PLACED] at location ( 234.500,    0.000) on layer 3 is NOT ON ALLOWED PIN LAYER.
**ERROR: (IMPPTN-1755):   Pin [out[92]] of partition [fullchip] connected to net [out[92]] is [PLACED] at location ( 233.500,    0.000) on layer 3 is NOT ON ALLOWED PIN LAYER.
**ERROR: (IMPPTN-1755):   Pin [out[91]] of partition [fullchip] connected to net [out[91]] is [PLACED] at location ( 232.500,    0.000) on layer 3 is NOT ON ALLOWED PIN LAYER.
**ERROR: (IMPPTN-1755):   Pin [out[90]] of partition [fullchip] connected to net [out[90]] is [PLACED] at location ( 231.500,    0.000) on layer 3 is NOT ON ALLOWED PIN LAYER.
**ERROR: (IMPPTN-1755):   Pin [out[89]] of partition [fullchip] connected to net [out[89]] is [PLACED] at location ( 230.500,    0.000) on layer 3 is NOT ON ALLOWED PIN LAYER.
**ERROR: (IMPPTN-1755):   Pin [out[88]] of partition [fullchip] connected to net [out[88]] is [PLACED] at location ( 229.500,    0.000) on layer 3 is NOT ON ALLOWED PIN LAYER.
**ERROR: (IMPPTN-1755):   Pin [out[87]] of partition [fullchip] connected to net [out[87]] is [PLACED] at location ( 228.500,    0.000) on layer 3 is NOT ON ALLOWED PIN LAYER.
**ERROR: (IMPPTN-1755):   Pin [out[86]] of partition [fullchip] connected to net [out[86]] is [PLACED] at location ( 227.500,    0.000) on layer 3 is NOT ON ALLOWED PIN LAYER.
**ERROR: (IMPPTN-1755):   Pin [out[85]] of partition [fullchip] connected to net [out[85]] is [PLACED] at location ( 226.500,    0.000) on layer 3 is NOT ON ALLOWED PIN LAYER.
**ERROR: (IMPPTN-1755):   Pin [out[84]] of partition [fullchip] connected to net [out[84]] is [PLACED] at location ( 225.500,    0.000) on layer 3 is NOT ON ALLOWED PIN LAYER.
**ERROR: (IMPPTN-1755):   Pin [out[83]] of partition [fullchip] connected to net [out[83]] is [PLACED] at location ( 224.500,    0.000) on layer 3 is NOT ON ALLOWED PIN LAYER.
**ERROR: (IMPPTN-1755):   Pin [out[82]] of partition [fullchip] connected to net [out[82]] is [PLACED] at location ( 223.500,    0.000) on layer 3 is NOT ON ALLOWED PIN LAYER.
**ERROR: (IMPPTN-1755):   Pin [out[81]] of partition [fullchip] connected to net [out[81]] is [PLACED] at location ( 222.500,    0.000) on layer 3 is NOT ON ALLOWED PIN LAYER.
**ERROR: (IMPPTN-1755):   Pin [out[80]] of partition [fullchip] connected to net [out[80]] is [PLACED] at location ( 221.500,    0.000) on layer 3 is NOT ON ALLOWED PIN LAYER.
**ERROR: (IMPPTN-1755):   Pin [out[79]] of partition [fullchip] connected to net [out[79]] is [PLACED] at location ( 220.500,    0.000) on layer 3 is NOT ON ALLOWED PIN LAYER.
**ERROR: (IMPPTN-1755):   Pin [out[78]] of partition [fullchip] connected to net [out[78]] is [PLACED] at location ( 219.500,    0.000) on layer 3 is NOT ON ALLOWED PIN LAYER.
**ERROR: (IMPPTN-1755):   Pin [out[77]] of partition [fullchip] connected to net [out[77]] is [PLACED] at location ( 218.500,    0.000) on layer 3 is NOT ON ALLOWED PIN LAYER.
**ERROR: (IMPPTN-1755):   Pin [out[76]] of partition [fullchip] connected to net [out[76]] is [PLACED] at location ( 217.500,    0.000) on layer 3 is NOT ON ALLOWED PIN LAYER.
**ERROR: (IMPPTN-1755):   Pin [out[75]] of partition [fullchip] connected to net [out[75]] is [PLACED] at location ( 216.500,    0.000) on layer 3 is NOT ON ALLOWED PIN LAYER.
**ERROR: (IMPPTN-1755):   Pin [out[74]] of partition [fullchip] connected to net [out[74]] is [PLACED] at location ( 215.500,    0.000) on layer 3 is NOT ON ALLOWED PIN LAYER.
**ERROR: (IMPPTN-1755):   Pin [out[73]] of partition [fullchip] connected to net [out[73]] is [PLACED] at location ( 214.500,    0.000) on layer 3 is NOT ON ALLOWED PIN LAYER.
**ERROR: (IMPPTN-1755):   Pin [out[72]] of partition [fullchip] connected to net [out[72]] is [PLACED] at location ( 213.500,    0.000) on layer 3 is NOT ON ALLOWED PIN LAYER.
**ERROR: (IMPPTN-1755):   Pin [out[71]] of partition [fullchip] connected to net [out[71]] is [PLACED] at location ( 212.500,    0.000) on layer 3 is NOT ON ALLOWED PIN LAYER.
**ERROR: (IMPPTN-1755):   Pin [out[70]] of partition [fullchip] connected to net [out[70]] is [PLACED] at location ( 211.500,    0.000) on layer 3 is NOT ON ALLOWED PIN LAYER.
**ERROR: (IMPPTN-1755):   Pin [out[69]] of partition [fullchip] connected to net [out[69]] is [PLACED] at location ( 210.500,    0.000) on layer 3 is NOT ON ALLOWED PIN LAYER.
**ERROR: (IMPPTN-1755):   Pin [out[68]] of partition [fullchip] connected to net [out[68]] is [PLACED] at location ( 209.500,    0.000) on layer 3 is NOT ON ALLOWED PIN LAYER.
**ERROR: (IMPPTN-1755):   Pin [out[67]] of partition [fullchip] connected to net [out[67]] is [PLACED] at location ( 208.500,    0.000) on layer 3 is NOT ON ALLOWED PIN LAYER.
**ERROR: (IMPPTN-1755):   Pin [out[66]] of partition [fullchip] connected to net [out[66]] is [PLACED] at location ( 207.500,    0.000) on layer 3 is NOT ON ALLOWED PIN LAYER.
**ERROR: (IMPPTN-1755):   Pin [out[65]] of partition [fullchip] connected to net [out[65]] is [PLACED] at location ( 206.500,    0.000) on layer 3 is NOT ON ALLOWED PIN LAYER.
**ERROR: (IMPPTN-1755):   Pin [out[64]] of partition [fullchip] connected to net [out[64]] is [PLACED] at location ( 205.500,    0.000) on layer 3 is NOT ON ALLOWED PIN LAYER.
**ERROR: (IMPPTN-1755):   Pin [out[63]] of partition [fullchip] connected to net [out[63]] is [PLACED] at location ( 204.500,    0.000) on layer 3 is NOT ON ALLOWED PIN LAYER.
**ERROR: (IMPPTN-1755):   Pin [out[62]] of partition [fullchip] connected to net [out[62]] is [PLACED] at location ( 203.500,    0.000) on layer 3 is NOT ON ALLOWED PIN LAYER.
**ERROR: (IMPPTN-1755):   Pin [out[61]] of partition [fullchip] connected to net [out[61]] is [PLACED] at location ( 202.500,    0.000) on layer 3 is NOT ON ALLOWED PIN LAYER.
**ERROR: (IMPPTN-1755):   Pin [out[60]] of partition [fullchip] connected to net [out[60]] is [PLACED] at location ( 201.500,    0.000) on layer 3 is NOT ON ALLOWED PIN LAYER.
**ERROR: (IMPPTN-1755):   Pin [out[59]] of partition [fullchip] connected to net [out[59]] is [PLACED] at location ( 200.500,    0.000) on layer 3 is NOT ON ALLOWED PIN LAYER.
**ERROR: (IMPPTN-1755):   Pin [out[58]] of partition [fullchip] connected to net [out[58]] is [PLACED] at location ( 199.500,    0.000) on layer 3 is NOT ON ALLOWED PIN LAYER.
**ERROR: (IMPPTN-1755):   Pin [out[57]] of partition [fullchip] connected to net [out[57]] is [PLACED] at location ( 198.500,    0.000) on layer 3 is NOT ON ALLOWED PIN LAYER.
**ERROR: (IMPPTN-1755):   Pin [out[56]] of partition [fullchip] connected to net [out[56]] is [PLACED] at location ( 197.500,    0.000) on layer 3 is NOT ON ALLOWED PIN LAYER.
**ERROR: (IMPPTN-1755):   Pin [out[55]] of partition [fullchip] connected to net [out[55]] is [PLACED] at location ( 196.500,    0.000) on layer 3 is NOT ON ALLOWED PIN LAYER.
**ERROR: (IMPPTN-1755):   Pin [out[54]] of partition [fullchip] connected to net [out[54]] is [PLACED] at location ( 195.500,    0.000) on layer 3 is NOT ON ALLOWED PIN LAYER.
**ERROR: (IMPPTN-1755):   Pin [out[53]] of partition [fullchip] connected to net [out[53]] is [PLACED] at location ( 194.500,    0.000) on layer 3 is NOT ON ALLOWED PIN LAYER.
**ERROR: (IMPPTN-1755):   Pin [out[52]] of partition [fullchip] connected to net [out[52]] is [PLACED] at location ( 193.500,    0.000) on layer 3 is NOT ON ALLOWED PIN LAYER.
**ERROR: (IMPPTN-1755):   Pin [out[51]] of partition [fullchip] connected to net [out[51]] is [PLACED] at location ( 192.500,    0.000) on layer 3 is NOT ON ALLOWED PIN LAYER.
**ERROR: (IMPPTN-1755):   Pin [out[50]] of partition [fullchip] connected to net [out[50]] is [PLACED] at location ( 191.500,    0.000) on layer 3 is NOT ON ALLOWED PIN LAYER.
**ERROR: (IMPPTN-1755):   Pin [out[49]] of partition [fullchip] connected to net [out[49]] is [PLACED] at location ( 190.500,    0.000) on layer 3 is NOT ON ALLOWED PIN LAYER.
**ERROR: (IMPPTN-1755):   Pin [out[48]] of partition [fullchip] connected to net [out[48]] is [PLACED] at location ( 189.500,    0.000) on layer 3 is NOT ON ALLOWED PIN LAYER.
**ERROR: (IMPPTN-1755):   Pin [out[47]] of partition [fullchip] connected to net [out[47]] is [PLACED] at location ( 188.500,    0.000) on layer 3 is NOT ON ALLOWED PIN LAYER.
**ERROR: (IMPPTN-1755):   Pin [out[46]] of partition [fullchip] connected to net [out[46]] is [PLACED] at location ( 187.500,    0.000) on layer 3 is NOT ON ALLOWED PIN LAYER.
**ERROR: (IMPPTN-1755):   Pin [out[45]] of partition [fullchip] connected to net [out[45]] is [PLACED] at location ( 186.500,    0.000) on layer 3 is NOT ON ALLOWED PIN LAYER.
**ERROR: (IMPPTN-1755):   Pin [out[44]] of partition [fullchip] connected to net [out[44]] is [PLACED] at location ( 185.500,    0.000) on layer 3 is NOT ON ALLOWED PIN LAYER.
**ERROR: (IMPPTN-1755):   Pin [out[43]] of partition [fullchip] connected to net [out[43]] is [PLACED] at location ( 184.500,    0.000) on layer 3 is NOT ON ALLOWED PIN LAYER.
**ERROR: (IMPPTN-1755):   Pin [out[42]] of partition [fullchip] connected to net [out[42]] is [PLACED] at location ( 183.500,    0.000) on layer 3 is NOT ON ALLOWED PIN LAYER.
**ERROR: (IMPPTN-1755):   Pin [out[41]] of partition [fullchip] connected to net [out[41]] is [PLACED] at location ( 182.500,    0.000) on layer 3 is NOT ON ALLOWED PIN LAYER.
**ERROR: (IMPPTN-1755):   Pin [out[40]] of partition [fullchip] connected to net [out[40]] is [PLACED] at location ( 181.500,    0.000) on layer 3 is NOT ON ALLOWED PIN LAYER.
**ERROR: (IMPPTN-1755):   Pin [out[39]] of partition [fullchip] connected to net [out[39]] is [PLACED] at location ( 180.500,    0.000) on layer 3 is NOT ON ALLOWED PIN LAYER.
**ERROR: (IMPPTN-1755):   Pin [out[38]] of partition [fullchip] connected to net [out[38]] is [PLACED] at location ( 179.500,    0.000) on layer 3 is NOT ON ALLOWED PIN LAYER.
**ERROR: (IMPPTN-1755):   Pin [out[37]] of partition [fullchip] connected to net [out[37]] is [PLACED] at location ( 178.500,    0.000) on layer 3 is NOT ON ALLOWED PIN LAYER.
**ERROR: (IMPPTN-1755):   Pin [out[36]] of partition [fullchip] connected to net [out[36]] is [PLACED] at location ( 177.500,    0.000) on layer 3 is NOT ON ALLOWED PIN LAYER.
**ERROR: (IMPPTN-1755):   Pin [out[35]] of partition [fullchip] connected to net [out[35]] is [PLACED] at location ( 176.500,    0.000) on layer 3 is NOT ON ALLOWED PIN LAYER.
**ERROR: (IMPPTN-1755):   Pin [out[34]] of partition [fullchip] connected to net [out[34]] is [PLACED] at location ( 175.500,    0.000) on layer 3 is NOT ON ALLOWED PIN LAYER.
**ERROR: (IMPPTN-1755):   Pin [out[33]] of partition [fullchip] connected to net [out[33]] is [PLACED] at location ( 174.500,    0.000) on layer 3 is NOT ON ALLOWED PIN LAYER.
**ERROR: (IMPPTN-1755):   Pin [out[32]] of partition [fullchip] connected to net [out[32]] is [PLACED] at location ( 173.500,    0.000) on layer 3 is NOT ON ALLOWED PIN LAYER.
**ERROR: (IMPPTN-1755):   Pin [out[31]] of partition [fullchip] connected to net [out[31]] is [PLACED] at location ( 172.500,    0.000) on layer 3 is NOT ON ALLOWED PIN LAYER.
**ERROR: (IMPPTN-1755):   Pin [out[30]] of partition [fullchip] connected to net [out[30]] is [PLACED] at location ( 171.500,    0.000) on layer 3 is NOT ON ALLOWED PIN LAYER.
**ERROR: (IMPPTN-1755):   Pin [out[29]] of partition [fullchip] connected to net [out[29]] is [PLACED] at location ( 170.500,    0.000) on layer 3 is NOT ON ALLOWED PIN LAYER.
**ERROR: (IMPPTN-1755):   Pin [out[28]] of partition [fullchip] connected to net [out[28]] is [PLACED] at location ( 169.500,    0.000) on layer 3 is NOT ON ALLOWED PIN LAYER.
**ERROR: (IMPPTN-1755):   Pin [out[27]] of partition [fullchip] connected to net [out[27]] is [PLACED] at location ( 168.500,    0.000) on layer 3 is NOT ON ALLOWED PIN LAYER.
**ERROR: (IMPPTN-1755):   Pin [out[26]] of partition [fullchip] connected to net [out[26]] is [PLACED] at location ( 167.500,    0.000) on layer 3 is NOT ON ALLOWED PIN LAYER.
**ERROR: (IMPPTN-1755):   Pin [out[25]] of partition [fullchip] connected to net [out[25]] is [PLACED] at location ( 166.500,    0.000) on layer 3 is NOT ON ALLOWED PIN LAYER.
**ERROR: (IMPPTN-1755):   Pin [out[24]] of partition [fullchip] connected to net [out[24]] is [PLACED] at location ( 165.500,    0.000) on layer 3 is NOT ON ALLOWED PIN LAYER.
**ERROR: (IMPPTN-1755):   Pin [out[23]] of partition [fullchip] connected to net [out[23]] is [PLACED] at location ( 164.500,    0.000) on layer 3 is NOT ON ALLOWED PIN LAYER.
**ERROR: (IMPPTN-1755):   Pin [out[22]] of partition [fullchip] connected to net [out[22]] is [PLACED] at location ( 163.500,    0.000) on layer 3 is NOT ON ALLOWED PIN LAYER.
**ERROR: (IMPPTN-1755):   Pin [out[21]] of partition [fullchip] connected to net [out[21]] is [PLACED] at location ( 162.500,    0.000) on layer 3 is NOT ON ALLOWED PIN LAYER.
**ERROR: (IMPPTN-1755):   Pin [out[20]] of partition [fullchip] connected to net [out[20]] is [PLACED] at location ( 161.500,    0.000) on layer 3 is NOT ON ALLOWED PIN LAYER.
**ERROR: (IMPPTN-1755):   Pin [out[19]] of partition [fullchip] connected to net [out[19]] is [PLACED] at location ( 160.500,    0.000) on layer 3 is NOT ON ALLOWED PIN LAYER.
**ERROR: (IMPPTN-1755):   Pin [out[18]] of partition [fullchip] connected to net [out[18]] is [PLACED] at location ( 159.500,    0.000) on layer 3 is NOT ON ALLOWED PIN LAYER.
**ERROR: (IMPPTN-1755):   Pin [out[17]] of partition [fullchip] connected to net [out[17]] is [PLACED] at location ( 158.500,    0.000) on layer 3 is NOT ON ALLOWED PIN LAYER.
**ERROR: (IMPPTN-1755):   Pin [out[16]] of partition [fullchip] connected to net [out[16]] is [PLACED] at location ( 157.500,    0.000) on layer 3 is NOT ON ALLOWED PIN LAYER.
**ERROR: (IMPPTN-1755):   Pin [out[15]] of partition [fullchip] connected to net [out[15]] is [PLACED] at location ( 156.500,    0.000) on layer 3 is NOT ON ALLOWED PIN LAYER.
**ERROR: (IMPPTN-1755):   Pin [out[14]] of partition [fullchip] connected to net [out[14]] is [PLACED] at location ( 155.500,    0.000) on layer 3 is NOT ON ALLOWED PIN LAYER.
**ERROR: (IMPPTN-1755):   Pin [out[13]] of partition [fullchip] connected to net [out[13]] is [PLACED] at location ( 154.500,    0.000) on layer 3 is NOT ON ALLOWED PIN LAYER.
**ERROR: (IMPPTN-1755):   Pin [out[12]] of partition [fullchip] connected to net [out[12]] is [PLACED] at location ( 153.500,    0.000) on layer 3 is NOT ON ALLOWED PIN LAYER.
**ERROR: (IMPPTN-1755):   Pin [out[11]] of partition [fullchip] connected to net [out[11]] is [PLACED] at location ( 152.500,    0.000) on layer 3 is NOT ON ALLOWED PIN LAYER.
**ERROR: (IMPPTN-1755):   Pin [out[10]] of partition [fullchip] connected to net [out[10]] is [PLACED] at location ( 151.500,    0.000) on layer 3 is NOT ON ALLOWED PIN LAYER.
**ERROR: (IMPPTN-1755):   Pin [out[9]] of partition [fullchip] connected to net [out[9]] is [PLACED] at location ( 150.500,    0.000) on layer 3 is NOT ON ALLOWED PIN LAYER.
**ERROR: (IMPPTN-1755):   Pin [out[8]] of partition [fullchip] connected to net [out[8]] is [PLACED] at location ( 149.500,    0.000) on layer 3 is NOT ON ALLOWED PIN LAYER.
**ERROR: (IMPPTN-1755):   Pin [out[7]] of partition [fullchip] connected to net [out[7]] is [PLACED] at location ( 148.500,    0.000) on layer 3 is NOT ON ALLOWED PIN LAYER.
**ERROR: (IMPPTN-1755):   Pin [out[6]] of partition [fullchip] connected to net [out[6]] is [PLACED] at location ( 147.500,    0.000) on layer 3 is NOT ON ALLOWED PIN LAYER.
**ERROR: (IMPPTN-1755):   Pin [out[5]] of partition [fullchip] connected to net [out[5]] is [PLACED] at location ( 146.500,    0.000) on layer 3 is NOT ON ALLOWED PIN LAYER.
**ERROR: (IMPPTN-1755):   Pin [out[4]] of partition [fullchip] connected to net [out[4]] is [PLACED] at location ( 145.500,    0.000) on layer 3 is NOT ON ALLOWED PIN LAYER.
**ERROR: (IMPPTN-1755):   Pin [out[3]] of partition [fullchip] connected to net [out[3]] is [PLACED] at location ( 144.500,    0.000) on layer 3 is NOT ON ALLOWED PIN LAYER.
**ERROR: (IMPPTN-1755):   Pin [out[2]] of partition [fullchip] connected to net [out[2]] is [PLACED] at location ( 143.500,    0.000) on layer 3 is NOT ON ALLOWED PIN LAYER.
**ERROR: (IMPPTN-1755):   Pin [out[1]] of partition [fullchip] connected to net [out[1]] is [PLACED] at location ( 142.500,    0.000) on layer 3 is NOT ON ALLOWED PIN LAYER.
**ERROR: (IMPPTN-1755):   Pin [out[0]] of partition [fullchip] connected to net [out[0]] is [PLACED] at location ( 141.500,    0.000) on layer 3 is NOT ON ALLOWED PIN LAYER.
**ERROR: (IMPPTN-1755):   Pin [sum_out[15]] of partition [fullchip] connected to net [sum_out[15]] is [PLACED] at location ( 252.500,    0.000) on layer 3 is NOT ON ALLOWED PIN LAYER.
**ERROR: (IMPPTN-1755):   Pin [sum_out[14]] of partition [fullchip] connected to net [sum_out[14]] is [PLACED] at location ( 251.500,    0.000) on layer 3 is NOT ON ALLOWED PIN LAYER.
**ERROR: (IMPPTN-1755):   Pin [sum_out[13]] of partition [fullchip] connected to net [sum_out[13]] is [PLACED] at location ( 250.500,    0.000) on layer 3 is NOT ON ALLOWED PIN LAYER.
**ERROR: (IMPPTN-1755):   Pin [sum_out[12]] of partition [fullchip] connected to net [sum_out[12]] is [PLACED] at location ( 249.500,    0.000) on layer 3 is NOT ON ALLOWED PIN LAYER.
**ERROR: (IMPPTN-1755):   Pin [sum_out[11]] of partition [fullchip] connected to net [sum_out[11]] is [PLACED] at location ( 248.500,    0.000) on layer 3 is NOT ON ALLOWED PIN LAYER.
**ERROR: (IMPPTN-1755):   Pin [sum_out[10]] of partition [fullchip] connected to net [sum_out[10]] is [PLACED] at location ( 247.500,    0.000) on layer 3 is NOT ON ALLOWED PIN LAYER.
**ERROR: (IMPPTN-1755):   Pin [sum_out[9]] of partition [fullchip] connected to net [sum_out[9]] is [PLACED] at location ( 246.500,    0.000) on layer 3 is NOT ON ALLOWED PIN LAYER.
**ERROR: (IMPPTN-1755):   Pin [sum_out[8]] of partition [fullchip] connected to net [sum_out[8]] is [PLACED] at location ( 245.500,    0.000) on layer 3 is NOT ON ALLOWED PIN LAYER.
**ERROR: (IMPPTN-1755):   Pin [sum_out[7]] of partition [fullchip] connected to net [sum_out[7]] is [PLACED] at location ( 244.500,    0.000) on layer 3 is NOT ON ALLOWED PIN LAYER.
**ERROR: (IMPPTN-1755):   Pin [sum_out[6]] of partition [fullchip] connected to net [sum_out[6]] is [PLACED] at location ( 243.500,    0.000) on layer 3 is NOT ON ALLOWED PIN LAYER.
**ERROR: (IMPPTN-1755):   Pin [sum_out[5]] of partition [fullchip] connected to net [sum_out[5]] is [PLACED] at location ( 242.500,    0.000) on layer 3 is NOT ON ALLOWED PIN LAYER.
**ERROR: (IMPPTN-1755):   Pin [sum_out[4]] of partition [fullchip] connected to net [sum_out[4]] is [PLACED] at location ( 241.500,    0.000) on layer 3 is NOT ON ALLOWED PIN LAYER.
**ERROR: (IMPPTN-1755):   Pin [sum_out[3]] of partition [fullchip] connected to net [sum_out[3]] is [PLACED] at location ( 240.500,    0.000) on layer 3 is NOT ON ALLOWED PIN LAYER.
**ERROR: (IMPPTN-1755):   Pin [sum_out[2]] of partition [fullchip] connected to net [sum_out[2]] is [PLACED] at location ( 239.500,    0.000) on layer 3 is NOT ON ALLOWED PIN LAYER.
**ERROR: (IMPPTN-1755):   Pin [sum_out[1]] of partition [fullchip] connected to net [sum_out[1]] is [PLACED] at location ( 238.500,    0.000) on layer 3 is NOT ON ALLOWED PIN LAYER.
**ERROR: (IMPPTN-1755):   Pin [sum_out[0]] of partition [fullchip] connected to net [sum_out[0]] is [PLACED] at location ( 237.500,    0.000) on layer 3 is NOT ON ALLOWED PIN LAYER.
Summary report for top level: [fullchip] 
	Total Pins                         : 205
	Legally Assigned Pins              : 93
	Illegally Assigned Pins            : 112
End of Summary report
End Checking pins of top cell: [fullchip] 


===========================================================================================================================
                                                checkPinAssignment Summary
===========================================================================================================================
Partition   | pads  | pins   | legal  | illegal | internal | internal illegal | FT     | FT illegal | constant | unplaced |
===========================================================================================================================
fullchip    |     0 |    205 |     93 |     112 |        0 |                0 |      0 |          0 |        0 |        0 |
===========================================================================================================================
TOTAL       |     0 |    205 |     93 |     112 |        0 |                0 |      0 |          0 |        0 |        0 |
===========================================================================================================================
