###############################################################
#  Generated by:      Cadence Innovus 19.17-s077_1
#  OS:                Linux x86_64(Host ID ieng6-ece-17.ucsd.edu)
#  Generated on:      Fri Mar 17 15:31:15 2023
#  Design:            fullchip
#  Command:           checkPinAssignment
###############################################################

Start Checking pins of top cell: [fullchip] 
**ERROR: (IMPPTN-1755):   Pin [out[127]] of partition [fullchip] connected to net [out[127]] is [PLACED] at location ( 390.300,    0.000) on layer 3 is NOT ON ALLOWED PIN LAYER.
**ERROR: (IMPPTN-1755):   Pin [out[126]] of partition [fullchip] connected to net [out[126]] is [PLACED] at location ( 389.500,    0.000) on layer 3 is NOT ON ALLOWED PIN LAYER.
**ERROR: (IMPPTN-1755):   Pin [out[125]] of partition [fullchip] connected to net [out[125]] is [PLACED] at location ( 388.700,    0.000) on layer 3 is NOT ON ALLOWED PIN LAYER.
**ERROR: (IMPPTN-1755):   Pin [out[124]] of partition [fullchip] connected to net [out[124]] is [PLACED] at location ( 387.900,    0.000) on layer 3 is NOT ON ALLOWED PIN LAYER.
**ERROR: (IMPPTN-1755):   Pin [out[123]] of partition [fullchip] connected to net [out[123]] is [PLACED] at location ( 387.100,    0.000) on layer 3 is NOT ON ALLOWED PIN LAYER.
**ERROR: (IMPPTN-1755):   Pin [out[122]] of partition [fullchip] connected to net [out[122]] is [PLACED] at location ( 386.300,    0.000) on layer 3 is NOT ON ALLOWED PIN LAYER.
**ERROR: (IMPPTN-1755):   Pin [out[121]] of partition [fullchip] connected to net [out[121]] is [PLACED] at location ( 385.500,    0.000) on layer 3 is NOT ON ALLOWED PIN LAYER.
**ERROR: (IMPPTN-1755):   Pin [out[120]] of partition [fullchip] connected to net [out[120]] is [PLACED] at location ( 384.700,    0.000) on layer 3 is NOT ON ALLOWED PIN LAYER.
**ERROR: (IMPPTN-1755):   Pin [out[119]] of partition [fullchip] connected to net [out[119]] is [PLACED] at location ( 383.900,    0.000) on layer 3 is NOT ON ALLOWED PIN LAYER.
**ERROR: (IMPPTN-1755):   Pin [out[118]] of partition [fullchip] connected to net [out[118]] is [PLACED] at location ( 383.100,    0.000) on layer 3 is NOT ON ALLOWED PIN LAYER.
**ERROR: (IMPPTN-1755):   Pin [out[117]] of partition [fullchip] connected to net [out[117]] is [PLACED] at location ( 382.300,    0.000) on layer 3 is NOT ON ALLOWED PIN LAYER.
**ERROR: (IMPPTN-1755):   Pin [out[116]] of partition [fullchip] connected to net [out[116]] is [PLACED] at location ( 381.500,    0.000) on layer 3 is NOT ON ALLOWED PIN LAYER.
**ERROR: (IMPPTN-1755):   Pin [out[115]] of partition [fullchip] connected to net [out[115]] is [PLACED] at location ( 380.700,    0.000) on layer 3 is NOT ON ALLOWED PIN LAYER.
**ERROR: (IMPPTN-1755):   Pin [out[114]] of partition [fullchip] connected to net [out[114]] is [PLACED] at location ( 379.900,    0.000) on layer 3 is NOT ON ALLOWED PIN LAYER.
**ERROR: (IMPPTN-1755):   Pin [out[113]] of partition [fullchip] connected to net [out[113]] is [PLACED] at location ( 379.100,    0.000) on layer 3 is NOT ON ALLOWED PIN LAYER.
**ERROR: (IMPPTN-1755):   Pin [out[112]] of partition [fullchip] connected to net [out[112]] is [PLACED] at location ( 378.300,    0.000) on layer 3 is NOT ON ALLOWED PIN LAYER.
**ERROR: (IMPPTN-1755):   Pin [out[111]] of partition [fullchip] connected to net [out[111]] is [PLACED] at location ( 377.500,    0.000) on layer 3 is NOT ON ALLOWED PIN LAYER.
**ERROR: (IMPPTN-1755):   Pin [out[110]] of partition [fullchip] connected to net [out[110]] is [PLACED] at location ( 376.700,    0.000) on layer 3 is NOT ON ALLOWED PIN LAYER.
**ERROR: (IMPPTN-1755):   Pin [out[109]] of partition [fullchip] connected to net [out[109]] is [PLACED] at location ( 375.900,    0.000) on layer 3 is NOT ON ALLOWED PIN LAYER.
**ERROR: (IMPPTN-1755):   Pin [out[108]] of partition [fullchip] connected to net [out[108]] is [PLACED] at location ( 375.100,    0.000) on layer 3 is NOT ON ALLOWED PIN LAYER.
**ERROR: (IMPPTN-1755):   Pin [out[107]] of partition [fullchip] connected to net [out[107]] is [PLACED] at location ( 374.300,    0.000) on layer 3 is NOT ON ALLOWED PIN LAYER.
**ERROR: (IMPPTN-1755):   Pin [out[106]] of partition [fullchip] connected to net [out[106]] is [PLACED] at location ( 373.500,    0.000) on layer 3 is NOT ON ALLOWED PIN LAYER.
**ERROR: (IMPPTN-1755):   Pin [out[105]] of partition [fullchip] connected to net [out[105]] is [PLACED] at location ( 372.700,    0.000) on layer 3 is NOT ON ALLOWED PIN LAYER.
**ERROR: (IMPPTN-1755):   Pin [out[104]] of partition [fullchip] connected to net [out[104]] is [PLACED] at location ( 371.900,    0.000) on layer 3 is NOT ON ALLOWED PIN LAYER.
**ERROR: (IMPPTN-1755):   Pin [out[103]] of partition [fullchip] connected to net [out[103]] is [PLACED] at location ( 371.100,    0.000) on layer 3 is NOT ON ALLOWED PIN LAYER.
**ERROR: (IMPPTN-1755):   Pin [out[102]] of partition [fullchip] connected to net [out[102]] is [PLACED] at location ( 370.300,    0.000) on layer 3 is NOT ON ALLOWED PIN LAYER.
**ERROR: (IMPPTN-1755):   Pin [out[101]] of partition [fullchip] connected to net [out[101]] is [PLACED] at location ( 369.500,    0.000) on layer 3 is NOT ON ALLOWED PIN LAYER.
**ERROR: (IMPPTN-1755):   Pin [out[100]] of partition [fullchip] connected to net [out[100]] is [PLACED] at location ( 368.700,    0.000) on layer 3 is NOT ON ALLOWED PIN LAYER.
**ERROR: (IMPPTN-1755):   Pin [out[99]] of partition [fullchip] connected to net [out[99]] is [PLACED] at location ( 367.900,    0.000) on layer 3 is NOT ON ALLOWED PIN LAYER.
**ERROR: (IMPPTN-1755):   Pin [out[98]] of partition [fullchip] connected to net [out[98]] is [PLACED] at location ( 367.100,    0.000) on layer 3 is NOT ON ALLOWED PIN LAYER.
**ERROR: (IMPPTN-1755):   Pin [out[97]] of partition [fullchip] connected to net [out[97]] is [PLACED] at location ( 366.300,    0.000) on layer 3 is NOT ON ALLOWED PIN LAYER.
**ERROR: (IMPPTN-1755):   Pin [out[96]] of partition [fullchip] connected to net [out[96]] is [PLACED] at location ( 365.500,    0.000) on layer 3 is NOT ON ALLOWED PIN LAYER.
**ERROR: (IMPPTN-1755):   Pin [out[95]] of partition [fullchip] connected to net [out[95]] is [PLACED] at location ( 364.700,    0.000) on layer 3 is NOT ON ALLOWED PIN LAYER.
**ERROR: (IMPPTN-1755):   Pin [out[94]] of partition [fullchip] connected to net [out[94]] is [PLACED] at location ( 363.900,    0.000) on layer 3 is NOT ON ALLOWED PIN LAYER.
**ERROR: (IMPPTN-1755):   Pin [out[93]] of partition [fullchip] connected to net [out[93]] is [PLACED] at location ( 363.100,    0.000) on layer 3 is NOT ON ALLOWED PIN LAYER.
**ERROR: (IMPPTN-1755):   Pin [out[92]] of partition [fullchip] connected to net [out[92]] is [PLACED] at location ( 362.300,    0.000) on layer 3 is NOT ON ALLOWED PIN LAYER.
**ERROR: (IMPPTN-1755):   Pin [out[91]] of partition [fullchip] connected to net [out[91]] is [PLACED] at location ( 361.500,    0.000) on layer 3 is NOT ON ALLOWED PIN LAYER.
**ERROR: (IMPPTN-1755):   Pin [out[90]] of partition [fullchip] connected to net [out[90]] is [PLACED] at location ( 360.700,    0.000) on layer 3 is NOT ON ALLOWED PIN LAYER.
**ERROR: (IMPPTN-1755):   Pin [out[89]] of partition [fullchip] connected to net [out[89]] is [PLACED] at location ( 359.900,    0.000) on layer 3 is NOT ON ALLOWED PIN LAYER.
**ERROR: (IMPPTN-1755):   Pin [out[88]] of partition [fullchip] connected to net [out[88]] is [PLACED] at location ( 359.100,    0.000) on layer 3 is NOT ON ALLOWED PIN LAYER.
**ERROR: (IMPPTN-1755):   Pin [out[87]] of partition [fullchip] connected to net [out[87]] is [PLACED] at location ( 358.300,    0.000) on layer 3 is NOT ON ALLOWED PIN LAYER.
**ERROR: (IMPPTN-1755):   Pin [out[86]] of partition [fullchip] connected to net [out[86]] is [PLACED] at location ( 357.500,    0.000) on layer 3 is NOT ON ALLOWED PIN LAYER.
**ERROR: (IMPPTN-1755):   Pin [out[85]] of partition [fullchip] connected to net [out[85]] is [PLACED] at location ( 356.700,    0.000) on layer 3 is NOT ON ALLOWED PIN LAYER.
**ERROR: (IMPPTN-1755):   Pin [out[84]] of partition [fullchip] connected to net [out[84]] is [PLACED] at location ( 355.900,    0.000) on layer 3 is NOT ON ALLOWED PIN LAYER.
**ERROR: (IMPPTN-1755):   Pin [out[83]] of partition [fullchip] connected to net [out[83]] is [PLACED] at location ( 355.100,    0.000) on layer 3 is NOT ON ALLOWED PIN LAYER.
**ERROR: (IMPPTN-1755):   Pin [out[82]] of partition [fullchip] connected to net [out[82]] is [PLACED] at location ( 354.300,    0.000) on layer 3 is NOT ON ALLOWED PIN LAYER.
**ERROR: (IMPPTN-1755):   Pin [out[81]] of partition [fullchip] connected to net [out[81]] is [PLACED] at location ( 353.500,    0.000) on layer 3 is NOT ON ALLOWED PIN LAYER.
**ERROR: (IMPPTN-1755):   Pin [out[80]] of partition [fullchip] connected to net [out[80]] is [PLACED] at location ( 352.700,    0.000) on layer 3 is NOT ON ALLOWED PIN LAYER.
**ERROR: (IMPPTN-1755):   Pin [out[79]] of partition [fullchip] connected to net [out[79]] is [PLACED] at location ( 351.900,    0.000) on layer 3 is NOT ON ALLOWED PIN LAYER.
**ERROR: (IMPPTN-1755):   Pin [out[78]] of partition [fullchip] connected to net [out[78]] is [PLACED] at location ( 351.100,    0.000) on layer 3 is NOT ON ALLOWED PIN LAYER.
**ERROR: (IMPPTN-1755):   Pin [out[77]] of partition [fullchip] connected to net [out[77]] is [PLACED] at location ( 350.300,    0.000) on layer 3 is NOT ON ALLOWED PIN LAYER.
**ERROR: (IMPPTN-1755):   Pin [out[76]] of partition [fullchip] connected to net [out[76]] is [PLACED] at location ( 349.500,    0.000) on layer 3 is NOT ON ALLOWED PIN LAYER.
**ERROR: (IMPPTN-1755):   Pin [out[75]] of partition [fullchip] connected to net [out[75]] is [PLACED] at location ( 348.700,    0.000) on layer 3 is NOT ON ALLOWED PIN LAYER.
**ERROR: (IMPPTN-1755):   Pin [out[74]] of partition [fullchip] connected to net [out[74]] is [PLACED] at location ( 347.900,    0.000) on layer 3 is NOT ON ALLOWED PIN LAYER.
**ERROR: (IMPPTN-1755):   Pin [out[73]] of partition [fullchip] connected to net [out[73]] is [PLACED] at location ( 347.100,    0.000) on layer 3 is NOT ON ALLOWED PIN LAYER.
**ERROR: (IMPPTN-1755):   Pin [out[72]] of partition [fullchip] connected to net [out[72]] is [PLACED] at location ( 346.300,    0.000) on layer 3 is NOT ON ALLOWED PIN LAYER.
**ERROR: (IMPPTN-1755):   Pin [out[71]] of partition [fullchip] connected to net [out[71]] is [PLACED] at location ( 345.500,    0.000) on layer 3 is NOT ON ALLOWED PIN LAYER.
**ERROR: (IMPPTN-1755):   Pin [out[70]] of partition [fullchip] connected to net [out[70]] is [PLACED] at location ( 344.700,    0.000) on layer 3 is NOT ON ALLOWED PIN LAYER.
**ERROR: (IMPPTN-1755):   Pin [out[69]] of partition [fullchip] connected to net [out[69]] is [PLACED] at location ( 343.900,    0.000) on layer 3 is NOT ON ALLOWED PIN LAYER.
**ERROR: (IMPPTN-1755):   Pin [out[68]] of partition [fullchip] connected to net [out[68]] is [PLACED] at location ( 343.100,    0.000) on layer 3 is NOT ON ALLOWED PIN LAYER.
**ERROR: (IMPPTN-1755):   Pin [out[67]] of partition [fullchip] connected to net [out[67]] is [PLACED] at location ( 342.300,    0.000) on layer 3 is NOT ON ALLOWED PIN LAYER.
**ERROR: (IMPPTN-1755):   Pin [out[66]] of partition [fullchip] connected to net [out[66]] is [PLACED] at location ( 341.500,    0.000) on layer 3 is NOT ON ALLOWED PIN LAYER.
**ERROR: (IMPPTN-1755):   Pin [out[65]] of partition [fullchip] connected to net [out[65]] is [PLACED] at location ( 340.700,    0.000) on layer 3 is NOT ON ALLOWED PIN LAYER.
**ERROR: (IMPPTN-1755):   Pin [out[64]] of partition [fullchip] connected to net [out[64]] is [PLACED] at location ( 339.900,    0.000) on layer 3 is NOT ON ALLOWED PIN LAYER.
**ERROR: (IMPPTN-1755):   Pin [out[63]] of partition [fullchip] connected to net [out[63]] is [PLACED] at location ( 339.100,    0.000) on layer 3 is NOT ON ALLOWED PIN LAYER.
**ERROR: (IMPPTN-1755):   Pin [out[62]] of partition [fullchip] connected to net [out[62]] is [PLACED] at location ( 338.300,    0.000) on layer 3 is NOT ON ALLOWED PIN LAYER.
**ERROR: (IMPPTN-1755):   Pin [out[61]] of partition [fullchip] connected to net [out[61]] is [PLACED] at location ( 337.500,    0.000) on layer 3 is NOT ON ALLOWED PIN LAYER.
**ERROR: (IMPPTN-1755):   Pin [out[60]] of partition [fullchip] connected to net [out[60]] is [PLACED] at location ( 336.700,    0.000) on layer 3 is NOT ON ALLOWED PIN LAYER.
**ERROR: (IMPPTN-1755):   Pin [out[59]] of partition [fullchip] connected to net [out[59]] is [PLACED] at location ( 335.900,    0.000) on layer 3 is NOT ON ALLOWED PIN LAYER.
**ERROR: (IMPPTN-1755):   Pin [out[58]] of partition [fullchip] connected to net [out[58]] is [PLACED] at location ( 335.100,    0.000) on layer 3 is NOT ON ALLOWED PIN LAYER.
**ERROR: (IMPPTN-1755):   Pin [out[57]] of partition [fullchip] connected to net [out[57]] is [PLACED] at location ( 334.300,    0.000) on layer 3 is NOT ON ALLOWED PIN LAYER.
**ERROR: (IMPPTN-1755):   Pin [out[56]] of partition [fullchip] connected to net [out[56]] is [PLACED] at location ( 333.500,    0.000) on layer 3 is NOT ON ALLOWED PIN LAYER.
**ERROR: (IMPPTN-1755):   Pin [out[55]] of partition [fullchip] connected to net [out[55]] is [PLACED] at location ( 332.700,    0.000) on layer 3 is NOT ON ALLOWED PIN LAYER.
**ERROR: (IMPPTN-1755):   Pin [out[54]] of partition [fullchip] connected to net [out[54]] is [PLACED] at location ( 331.900,    0.000) on layer 3 is NOT ON ALLOWED PIN LAYER.
**ERROR: (IMPPTN-1755):   Pin [out[53]] of partition [fullchip] connected to net [out[53]] is [PLACED] at location ( 331.100,    0.000) on layer 3 is NOT ON ALLOWED PIN LAYER.
**ERROR: (IMPPTN-1755):   Pin [out[52]] of partition [fullchip] connected to net [out[52]] is [PLACED] at location ( 330.300,    0.000) on layer 3 is NOT ON ALLOWED PIN LAYER.
**ERROR: (IMPPTN-1755):   Pin [out[51]] of partition [fullchip] connected to net [out[51]] is [PLACED] at location ( 329.500,    0.000) on layer 3 is NOT ON ALLOWED PIN LAYER.
**ERROR: (IMPPTN-1755):   Pin [out[50]] of partition [fullchip] connected to net [out[50]] is [PLACED] at location ( 328.700,    0.000) on layer 3 is NOT ON ALLOWED PIN LAYER.
**ERROR: (IMPPTN-1755):   Pin [out[49]] of partition [fullchip] connected to net [out[49]] is [PLACED] at location ( 327.900,    0.000) on layer 3 is NOT ON ALLOWED PIN LAYER.
**ERROR: (IMPPTN-1755):   Pin [out[48]] of partition [fullchip] connected to net [out[48]] is [PLACED] at location ( 327.100,    0.000) on layer 3 is NOT ON ALLOWED PIN LAYER.
**ERROR: (IMPPTN-1755):   Pin [out[47]] of partition [fullchip] connected to net [out[47]] is [PLACED] at location ( 326.300,    0.000) on layer 3 is NOT ON ALLOWED PIN LAYER.
**ERROR: (IMPPTN-1755):   Pin [out[46]] of partition [fullchip] connected to net [out[46]] is [PLACED] at location ( 325.500,    0.000) on layer 3 is NOT ON ALLOWED PIN LAYER.
**ERROR: (IMPPTN-1755):   Pin [out[45]] of partition [fullchip] connected to net [out[45]] is [PLACED] at location ( 324.700,    0.000) on layer 3 is NOT ON ALLOWED PIN LAYER.
**ERROR: (IMPPTN-1755):   Pin [out[44]] of partition [fullchip] connected to net [out[44]] is [PLACED] at location ( 323.900,    0.000) on layer 3 is NOT ON ALLOWED PIN LAYER.
**ERROR: (IMPPTN-1755):   Pin [out[43]] of partition [fullchip] connected to net [out[43]] is [PLACED] at location ( 323.100,    0.000) on layer 3 is NOT ON ALLOWED PIN LAYER.
**ERROR: (IMPPTN-1755):   Pin [out[42]] of partition [fullchip] connected to net [out[42]] is [PLACED] at location ( 322.300,    0.000) on layer 3 is NOT ON ALLOWED PIN LAYER.
**ERROR: (IMPPTN-1755):   Pin [out[41]] of partition [fullchip] connected to net [out[41]] is [PLACED] at location ( 321.500,    0.000) on layer 3 is NOT ON ALLOWED PIN LAYER.
**ERROR: (IMPPTN-1755):   Pin [out[40]] of partition [fullchip] connected to net [out[40]] is [PLACED] at location ( 320.700,    0.000) on layer 3 is NOT ON ALLOWED PIN LAYER.
**ERROR: (IMPPTN-1755):   Pin [out[39]] of partition [fullchip] connected to net [out[39]] is [PLACED] at location ( 319.900,    0.000) on layer 3 is NOT ON ALLOWED PIN LAYER.
**ERROR: (IMPPTN-1755):   Pin [out[38]] of partition [fullchip] connected to net [out[38]] is [PLACED] at location ( 319.100,    0.000) on layer 3 is NOT ON ALLOWED PIN LAYER.
**ERROR: (IMPPTN-1755):   Pin [out[37]] of partition [fullchip] connected to net [out[37]] is [PLACED] at location ( 318.300,    0.000) on layer 3 is NOT ON ALLOWED PIN LAYER.
**ERROR: (IMPPTN-1755):   Pin [out[36]] of partition [fullchip] connected to net [out[36]] is [PLACED] at location ( 317.500,    0.000) on layer 3 is NOT ON ALLOWED PIN LAYER.
**ERROR: (IMPPTN-1755):   Pin [out[35]] of partition [fullchip] connected to net [out[35]] is [PLACED] at location ( 316.700,    0.000) on layer 3 is NOT ON ALLOWED PIN LAYER.
**ERROR: (IMPPTN-1755):   Pin [out[34]] of partition [fullchip] connected to net [out[34]] is [PLACED] at location ( 315.900,    0.000) on layer 3 is NOT ON ALLOWED PIN LAYER.
**ERROR: (IMPPTN-1755):   Pin [out[33]] of partition [fullchip] connected to net [out[33]] is [PLACED] at location ( 315.100,    0.000) on layer 3 is NOT ON ALLOWED PIN LAYER.
**ERROR: (IMPPTN-1755):   Pin [out[32]] of partition [fullchip] connected to net [out[32]] is [PLACED] at location ( 314.300,    0.000) on layer 3 is NOT ON ALLOWED PIN LAYER.
**ERROR: (IMPPTN-1755):   Pin [out[31]] of partition [fullchip] connected to net [out[31]] is [PLACED] at location ( 313.500,    0.000) on layer 3 is NOT ON ALLOWED PIN LAYER.
**ERROR: (IMPPTN-1755):   Pin [out[30]] of partition [fullchip] connected to net [out[30]] is [PLACED] at location ( 312.700,    0.000) on layer 3 is NOT ON ALLOWED PIN LAYER.
**ERROR: (IMPPTN-1755):   Pin [out[29]] of partition [fullchip] connected to net [out[29]] is [PLACED] at location ( 311.900,    0.000) on layer 3 is NOT ON ALLOWED PIN LAYER.
**ERROR: (IMPPTN-1755):   Pin [out[28]] of partition [fullchip] connected to net [out[28]] is [PLACED] at location ( 311.100,    0.000) on layer 3 is NOT ON ALLOWED PIN LAYER.
**ERROR: (IMPPTN-1755):   Pin [out[27]] of partition [fullchip] connected to net [out[27]] is [PLACED] at location ( 310.300,    0.000) on layer 3 is NOT ON ALLOWED PIN LAYER.
**ERROR: (IMPPTN-1755):   Pin [out[26]] of partition [fullchip] connected to net [out[26]] is [PLACED] at location ( 309.500,    0.000) on layer 3 is NOT ON ALLOWED PIN LAYER.
**ERROR: (IMPPTN-1755):   Pin [out[25]] of partition [fullchip] connected to net [out[25]] is [PLACED] at location ( 308.700,    0.000) on layer 3 is NOT ON ALLOWED PIN LAYER.
**ERROR: (IMPPTN-1755):   Pin [out[24]] of partition [fullchip] connected to net [out[24]] is [PLACED] at location ( 307.900,    0.000) on layer 3 is NOT ON ALLOWED PIN LAYER.
**ERROR: (IMPPTN-1755):   Pin [out[23]] of partition [fullchip] connected to net [out[23]] is [PLACED] at location ( 307.100,    0.000) on layer 3 is NOT ON ALLOWED PIN LAYER.
**ERROR: (IMPPTN-1755):   Pin [out[22]] of partition [fullchip] connected to net [out[22]] is [PLACED] at location ( 306.300,    0.000) on layer 3 is NOT ON ALLOWED PIN LAYER.
**ERROR: (IMPPTN-1755):   Pin [out[21]] of partition [fullchip] connected to net [out[21]] is [PLACED] at location ( 305.500,    0.000) on layer 3 is NOT ON ALLOWED PIN LAYER.
**ERROR: (IMPPTN-1755):   Pin [out[20]] of partition [fullchip] connected to net [out[20]] is [PLACED] at location ( 304.700,    0.000) on layer 3 is NOT ON ALLOWED PIN LAYER.
**ERROR: (IMPPTN-1755):   Pin [out[19]] of partition [fullchip] connected to net [out[19]] is [PLACED] at location ( 303.900,    0.000) on layer 3 is NOT ON ALLOWED PIN LAYER.
**ERROR: (IMPPTN-1755):   Pin [out[18]] of partition [fullchip] connected to net [out[18]] is [PLACED] at location ( 303.100,    0.000) on layer 3 is NOT ON ALLOWED PIN LAYER.
**ERROR: (IMPPTN-1755):   Pin [out[17]] of partition [fullchip] connected to net [out[17]] is [PLACED] at location ( 302.300,    0.000) on layer 3 is NOT ON ALLOWED PIN LAYER.
**ERROR: (IMPPTN-1755):   Pin [out[16]] of partition [fullchip] connected to net [out[16]] is [PLACED] at location ( 301.500,    0.000) on layer 3 is NOT ON ALLOWED PIN LAYER.
**ERROR: (IMPPTN-1755):   Pin [out[15]] of partition [fullchip] connected to net [out[15]] is [PLACED] at location ( 300.700,    0.000) on layer 3 is NOT ON ALLOWED PIN LAYER.
**ERROR: (IMPPTN-1755):   Pin [out[14]] of partition [fullchip] connected to net [out[14]] is [PLACED] at location ( 299.900,    0.000) on layer 3 is NOT ON ALLOWED PIN LAYER.
**ERROR: (IMPPTN-1755):   Pin [out[13]] of partition [fullchip] connected to net [out[13]] is [PLACED] at location ( 299.100,    0.000) on layer 3 is NOT ON ALLOWED PIN LAYER.
**ERROR: (IMPPTN-1755):   Pin [out[12]] of partition [fullchip] connected to net [out[12]] is [PLACED] at location ( 298.300,    0.000) on layer 3 is NOT ON ALLOWED PIN LAYER.
**ERROR: (IMPPTN-1755):   Pin [out[11]] of partition [fullchip] connected to net [out[11]] is [PLACED] at location ( 297.500,    0.000) on layer 3 is NOT ON ALLOWED PIN LAYER.
**ERROR: (IMPPTN-1755):   Pin [out[10]] of partition [fullchip] connected to net [out[10]] is [PLACED] at location ( 296.700,    0.000) on layer 3 is NOT ON ALLOWED PIN LAYER.
**ERROR: (IMPPTN-1755):   Pin [out[9]] of partition [fullchip] connected to net [out[9]] is [PLACED] at location ( 295.900,    0.000) on layer 3 is NOT ON ALLOWED PIN LAYER.
**ERROR: (IMPPTN-1755):   Pin [out[8]] of partition [fullchip] connected to net [out[8]] is [PLACED] at location ( 295.100,    0.000) on layer 3 is NOT ON ALLOWED PIN LAYER.
**ERROR: (IMPPTN-1755):   Pin [out[7]] of partition [fullchip] connected to net [out[7]] is [PLACED] at location ( 294.300,    0.000) on layer 3 is NOT ON ALLOWED PIN LAYER.
**ERROR: (IMPPTN-1755):   Pin [out[6]] of partition [fullchip] connected to net [out[6]] is [PLACED] at location ( 293.500,    0.000) on layer 3 is NOT ON ALLOWED PIN LAYER.
**ERROR: (IMPPTN-1755):   Pin [out[5]] of partition [fullchip] connected to net [out[5]] is [PLACED] at location ( 292.700,    0.000) on layer 3 is NOT ON ALLOWED PIN LAYER.
**ERROR: (IMPPTN-1755):   Pin [out[4]] of partition [fullchip] connected to net [out[4]] is [PLACED] at location ( 291.900,    0.000) on layer 3 is NOT ON ALLOWED PIN LAYER.
**ERROR: (IMPPTN-1755):   Pin [out[3]] of partition [fullchip] connected to net [out[3]] is [PLACED] at location ( 291.100,    0.000) on layer 3 is NOT ON ALLOWED PIN LAYER.
**ERROR: (IMPPTN-1755):   Pin [out[2]] of partition [fullchip] connected to net [out[2]] is [PLACED] at location ( 290.300,    0.000) on layer 3 is NOT ON ALLOWED PIN LAYER.
**ERROR: (IMPPTN-1755):   Pin [out[1]] of partition [fullchip] connected to net [out[1]] is [PLACED] at location ( 289.500,    0.000) on layer 3 is NOT ON ALLOWED PIN LAYER.
**ERROR: (IMPPTN-1755):   Pin [out[0]] of partition [fullchip] connected to net [out[0]] is [PLACED] at location ( 288.700,    0.000) on layer 3 is NOT ON ALLOWED PIN LAYER.
Summary report for top level: [fullchip] 
	Total Pins                         : 316
	Legally Assigned Pins              : 188
	Illegally Assigned Pins            : 128
End of Summary report
End Checking pins of top cell: [fullchip] 


===========================================================================================================================
                                                checkPinAssignment Summary
===========================================================================================================================
Partition   | pads  | pins   | legal  | illegal | internal | internal illegal | FT     | FT illegal | constant | unplaced |
===========================================================================================================================
fullchip    |     0 |    316 |    188 |     128 |        0 |                0 |      0 |          0 |        0 |        0 |
===========================================================================================================================
TOTAL       |     0 |    316 |    188 |     128 |        0 |                0 |      0 |          0 |        0 |        0 |
===========================================================================================================================
