###############################################################
#  Generated by:      Cadence Innovus 19.17-s077_1
#  OS:                Linux x86_64(Host ID ieng6-ece-17.ucsd.edu)
#  Generated on:      Fri Mar 17 15:43:43 2023
#  Design:            fullchip
#  Command:           report_timing -max_paths 5 > ${design}.post_route.timing.rpt
###############################################################
Path 1: VIOLATED Setup Check with Pin core_instance1_sfp_instance_sum_q_reg_13_/
CP 
Endpoint:   core_instance1_sfp_instance_sum_q_reg_13_/D (^) checked with  
leading edge of 'clk1'
Beginpoint: inst1[17]                                   (v) triggered by  
leading edge of 'clk1'
Path Groups: {clk1}
Analysis View: WC_VIEW
Other End Arrival Time          0.000
- Setup                         0.102
+ Phase Shift                   1.200
+ CPPR Adjustment               0.000
= Required Time                 1.098
- Arrival Time                  1.396
= Slack Time                   -0.298
     Clock Rise Edge                      0.000
     + Input Delay                        0.200
     = Beginpoint Arrival Time            0.200
     +-------------------------------------------------------------------------------------------------+ 
     |                 Instance                  |     Arc      |  Cell   | Delay | Arrival | Required | 
     |                                           |              |         |       |  Time   |   Time   | 
     |-------------------------------------------+--------------+---------+-------+---------+----------| 
     |                                           | inst1[17] v  |         |       |   0.200 |   -0.098 | 
     | FE_PSBC1720_inst1_17                      | I v -> ZN ^  | INVD16  | 0.041 |   0.241 |   -0.057 | 
     | FE_PSBC1719_inst1_17                      | I ^ -> ZN v  | INVD16  | 0.041 |   0.282 |   -0.016 | 
     | FE_PSBC1731_inst1_17                      | I v -> Z v   | BUFFD16 | 0.078 |   0.360 |    0.062 | 
     | FE_PSBC1728_inst1_17                      | I v -> Z v   | BUFFD16 | 0.058 |   0.417 |    0.119 | 
     | FE_RC_162_0                               | A1 v -> ZN v | IND3D4  | 0.072 |   0.489 |    0.191 | 
     | FE_RC_392_0                               | A1 v -> ZN ^ | ND2D4   | 0.036 |   0.525 |    0.227 | 
     | U8637                                     | B ^ -> S v   | FA1D4   | 0.154 |   0.679 |    0.381 | 
     | FE_RC_416_0                               | A1 v -> ZN ^ | NR2D1   | 0.044 |   0.723 |    0.425 | 
     | FE_RC_426_0                               | I ^ -> ZN v  | INVD1   | 0.035 |   0.758 |    0.460 | 
     | FE_RC_425_0                               | A1 v -> ZN ^ | ND2D4   | 0.033 |   0.791 |    0.493 | 
     | U11577                                    | I ^ -> ZN v  | INVD4   | 0.019 |   0.810 |    0.512 | 
     | U14450                                    | A1 v -> ZN ^ | OAI22D4 | 0.039 |   0.849 |    0.551 | 
     | FE_RC_421_0                               | A3 ^ -> Z v  | XOR3D2  | 0.131 |   0.980 |    0.682 | 
     | U14476                                    | CI v -> CO v | FA1D4   | 0.105 |   1.085 |    0.787 | 
     | U11737                                    | A2 v -> ZN ^ | NR2XD4  | 0.045 |   1.130 |    0.832 | 
     | FE_RC_722_0                               | A2 ^ -> ZN v | OAI21D4 | 0.034 |   1.164 |    0.866 | 
     | U11734                                    | A2 v -> ZN ^ | NR2XD2  | 0.034 |   1.198 |    0.900 | 
     | U11732                                    | A1 ^ -> ZN v | CKND2D4 | 0.035 |   1.233 |    0.935 | 
     | FE_RC_469_0                               | A1 v -> ZN ^ | ND3D8   | 0.025 |   1.258 |    0.960 | 
     | U11614_dup                                | A2 ^ -> ZN v | ND2D4   | 0.043 |   1.301 |    1.003 | 
     | U11748                                    | A1 v -> ZN ^ | AOI21D4 | 0.039 |   1.340 |    1.042 | 
     | FE_RC_171_0                               | A1 ^ -> ZN v | CKND2D2 | 0.026 |   1.366 |    1.068 | 
     | FE_RC_170_0                               | B v -> ZN ^  | OAI21D1 | 0.030 |   1.396 |    1.098 | 
     | core_instance1_sfp_instance_sum_q_reg_13_ | D ^          | EDFQD1  | 0.000 |   1.396 |    1.098 | 
     +-------------------------------------------------------------------------------------------------+ 
Path 2: VIOLATED Setup Check with Pin core_instance1_sfp_instance_sum_q_reg_17_/
CP 
Endpoint:   core_instance1_sfp_instance_sum_q_reg_17_/D (^) checked with  
leading edge of 'clk1'
Beginpoint: inst1[17]                                   (v) triggered by  
leading edge of 'clk1'
Path Groups: {clk1}
Analysis View: WC_VIEW
Other End Arrival Time          0.000
- Setup                         0.102
+ Phase Shift                   1.200
+ CPPR Adjustment               0.000
= Required Time                 1.098
- Arrival Time                  1.394
= Slack Time                   -0.296
     Clock Rise Edge                      0.000
     + Input Delay                        0.200
     = Beginpoint Arrival Time            0.200
     +-------------------------------------------------------------------------------------------------+ 
     |                 Instance                  |     Arc      |  Cell   | Delay | Arrival | Required | 
     |                                           |              |         |       |  Time   |   Time   | 
     |-------------------------------------------+--------------+---------+-------+---------+----------| 
     |                                           | inst1[17] v  |         |       |   0.200 |   -0.096 | 
     | FE_PSBC1720_inst1_17                      | I v -> ZN ^  | INVD16  | 0.041 |   0.241 |   -0.055 | 
     | FE_PSBC1719_inst1_17                      | I ^ -> ZN v  | INVD16  | 0.041 |   0.282 |   -0.015 | 
     | FE_DBTC31_inst1_17                        | I v -> ZN ^  | CKND16  | 0.071 |   0.353 |    0.057 | 
     | FE_RC_509_0                               | B1 ^ -> ZN v | IND2D4  | 0.056 |   0.409 |    0.113 | 
     | FE_RC_507_0                               | A2 v -> ZN ^ | NR3D2   | 0.048 |   0.457 |    0.160 | 
     | FE_RC_505_0                               | A1 ^ -> ZN v | CKND2D2 | 0.033 |   0.490 |    0.194 | 
     | FE_RC_506_0                               | I v -> ZN ^  | CKND4   | 0.029 |   0.519 |    0.223 | 
     | U14563                                    | B ^ -> S v   | FA1D4   | 0.158 |   0.677 |    0.381 | 
     | FE_RC_753_0                               | I v -> ZN ^  | CKND4   | 0.024 |   0.701 |    0.405 | 
     | FE_RC_752_0                               | A1 ^ -> ZN v | CKND2D4 | 0.022 |   0.723 |    0.427 | 
     | FE_RC_679_0                               | B v -> ZN ^  | IOA21D2 | 0.025 |   0.748 |    0.451 | 
     | FE_RC_678_0                               | A1 ^ -> ZN v | ND2D3   | 0.029 |   0.777 |    0.481 | 
     | FE_RC_750_0                               | A1 v -> ZN ^ | ND2D4   | 0.027 |   0.804 |    0.507 | 
     | U14565                                    | B ^ -> S v   | FA1D4   | 0.146 |   0.950 |    0.654 | 
     | U14574                                    | A v -> S v   | FA1D4   | 0.171 |   1.121 |    0.824 | 
     | U11569                                    | A1 v -> ZN ^ | NR2XD4  | 0.036 |   1.157 |    0.861 | 
     | FE_RC_233_0                               | A1 ^ -> ZN v | OAI21D4 | 0.030 |   1.187 |    0.891 | 
     | FE_RC_409_0                               | B v -> ZN ^  | AOI21D4 | 0.062 |   1.249 |    0.953 | 
     | U11614                                    | A2 ^ -> ZN v | CKND2D3 | 0.050 |   1.299 |    1.003 | 
     | U11751                                    | A1 v -> ZN ^ | AOI21D4 | 0.040 |   1.339 |    1.042 | 
     | FE_RC_588_0                               | A1 ^ -> ZN v | ND2D2   | 0.026 |   1.364 |    1.068 | 
     | FE_RC_587_0                               | B v -> ZN ^  | OAI21D1 | 0.030 |   1.394 |    1.098 | 
     | core_instance1_sfp_instance_sum_q_reg_17_ | D ^          | EDFQD1  | 0.000 |   1.394 |    1.098 | 
     +-------------------------------------------------------------------------------------------------+ 
Path 3: VIOLATED Setup Check with Pin core_instance1_sfp_instance_sum_q_reg_15_/
CP 
Endpoint:   core_instance1_sfp_instance_sum_q_reg_15_/D (^) checked with  
leading edge of 'clk1'
Beginpoint: inst1[17]                                   (v) triggered by  
leading edge of 'clk1'
Path Groups: {clk1}
Analysis View: WC_VIEW
Other End Arrival Time          0.000
- Setup                         0.098
+ Phase Shift                   1.200
+ CPPR Adjustment               0.000
= Required Time                 1.102
- Arrival Time                  1.398
= Slack Time                   -0.295
     Clock Rise Edge                      0.000
     + Input Delay                        0.200
     = Beginpoint Arrival Time            0.200
     +-------------------------------------------------------------------------------------------------+ 
     |                 Instance                  |     Arc      |  Cell   | Delay | Arrival | Required | 
     |                                           |              |         |       |  Time   |   Time   | 
     |-------------------------------------------+--------------+---------+-------+---------+----------| 
     |                                           | inst1[17] v  |         |       |   0.200 |   -0.095 | 
     | FE_PSBC1720_inst1_17                      | I v -> ZN ^  | INVD16  | 0.041 |   0.241 |   -0.055 | 
     | FE_PSBC1719_inst1_17                      | I ^ -> ZN v  | INVD16  | 0.041 |   0.282 |   -0.014 | 
     | FE_DBTC31_inst1_17                        | I v -> ZN ^  | CKND16  | 0.071 |   0.353 |    0.057 | 
     | FE_RC_509_0                               | B1 ^ -> ZN v | IND2D4  | 0.056 |   0.409 |    0.114 | 
     | FE_RC_507_0                               | A2 v -> ZN ^ | NR3D2   | 0.048 |   0.457 |    0.161 | 
     | FE_RC_505_0                               | A1 ^ -> ZN v | CKND2D2 | 0.033 |   0.490 |    0.194 | 
     | FE_RC_506_0                               | I v -> ZN ^  | CKND4   | 0.029 |   0.519 |    0.223 | 
     | U14563                                    | B ^ -> S v   | FA1D4   | 0.158 |   0.677 |    0.381 | 
     | FE_RC_753_0                               | I v -> ZN ^  | CKND4   | 0.024 |   0.701 |    0.406 | 
     | FE_RC_752_0                               | A1 ^ -> ZN v | CKND2D4 | 0.022 |   0.723 |    0.427 | 
     | FE_RC_679_0                               | B v -> ZN ^  | IOA21D2 | 0.025 |   0.748 |    0.452 | 
     | FE_RC_678_0                               | A1 ^ -> ZN v | ND2D3   | 0.029 |   0.777 |    0.481 | 
     | FE_RC_750_0                               | A1 v -> ZN ^ | ND2D4   | 0.027 |   0.804 |    0.508 | 
     | U14565                                    | B ^ -> S v   | FA1D4   | 0.146 |   0.950 |    0.655 | 
     | U14574                                    | A v -> S v   | FA1D4   | 0.171 |   1.121 |    0.825 | 
     | U11569                                    | A1 v -> ZN ^ | NR2XD4  | 0.036 |   1.157 |    0.862 | 
     | FE_RC_233_0                               | A1 ^ -> ZN v | OAI21D4 | 0.030 |   1.187 |    0.892 | 
     | FE_RC_409_0                               | B v -> ZN ^  | AOI21D4 | 0.062 |   1.249 |    0.954 | 
     | U11614                                    | A2 ^ -> ZN v | CKND2D3 | 0.050 |   1.299 |    1.003 | 
     | FE_RC_592_0                               | A1 v -> ZN ^ | AOI21D4 | 0.041 |   1.340 |    1.045 | 
     | FE_RC_465_0                               | A1 ^ -> ZN v | ND2D2   | 0.030 |   1.370 |    1.075 | 
     | FE_RC_464_0                               | B v -> ZN ^  | OAI21D2 | 0.027 |   1.398 |    1.102 | 
     | core_instance1_sfp_instance_sum_q_reg_15_ | D ^          | EDFQD1  | 0.000 |   1.398 |    1.102 | 
     +-------------------------------------------------------------------------------------------------+ 
Path 4: VIOLATED Setup Check with Pin core_instance1_sfp_instance_sum_q_reg_16_/
CP 
Endpoint:   core_instance1_sfp_instance_sum_q_reg_16_/D (^) checked with  
leading edge of 'clk1'
Beginpoint: inst1[17]                                   (v) triggered by  
leading edge of 'clk1'
Path Groups: {clk1}
Analysis View: WC_VIEW
Other End Arrival Time          0.000
- Setup                         0.101
+ Phase Shift                   1.200
+ CPPR Adjustment               0.000
= Required Time                 1.099
- Arrival Time                  1.394
= Slack Time                   -0.294
     Clock Rise Edge                      0.000
     + Input Delay                        0.200
     = Beginpoint Arrival Time            0.200
     +-------------------------------------------------------------------------------------------------+ 
     |                 Instance                  |     Arc      |  Cell   | Delay | Arrival | Required | 
     |                                           |              |         |       |  Time   |   Time   | 
     |-------------------------------------------+--------------+---------+-------+---------+----------| 
     |                                           | inst1[17] v  |         |       |   0.200 |   -0.094 | 
     | FE_PSBC1720_inst1_17                      | I v -> ZN ^  | INVD16  | 0.041 |   0.241 |   -0.053 | 
     | FE_PSBC1719_inst1_17                      | I ^ -> ZN v  | INVD16  | 0.041 |   0.282 |   -0.013 | 
     | FE_PSBC1731_inst1_17                      | I v -> Z v   | BUFFD16 | 0.078 |   0.360 |    0.065 | 
     | FE_PSBC1728_inst1_17                      | I v -> Z v   | BUFFD16 | 0.058 |   0.417 |    0.123 | 
     | FE_RC_162_0                               | A1 v -> ZN v | IND3D4  | 0.072 |   0.489 |    0.195 | 
     | FE_RC_392_0                               | A1 v -> ZN ^ | ND2D4   | 0.036 |   0.525 |    0.230 | 
     | U8637                                     | B ^ -> S v   | FA1D4   | 0.154 |   0.679 |    0.385 | 
     | FE_RC_416_0                               | A1 v -> ZN ^ | NR2D1   | 0.044 |   0.723 |    0.429 | 
     | FE_RC_426_0                               | I ^ -> ZN v  | INVD1   | 0.035 |   0.758 |    0.464 | 
     | FE_RC_425_0                               | A1 v -> ZN ^ | ND2D4   | 0.033 |   0.791 |    0.497 | 
     | U11577                                    | I ^ -> ZN v  | INVD4   | 0.019 |   0.810 |    0.516 | 
     | U14450                                    | A1 v -> ZN ^ | OAI22D4 | 0.039 |   0.849 |    0.555 | 
     | FE_RC_421_0                               | A3 ^ -> Z v  | XOR3D2  | 0.131 |   0.980 |    0.686 | 
     | U14476                                    | CI v -> CO v | FA1D4   | 0.105 |   1.085 |    0.791 | 
     | U11737                                    | A2 v -> ZN ^ | NR2XD4  | 0.045 |   1.130 |    0.836 | 
     | FE_RC_722_0                               | A2 ^ -> ZN v | OAI21D4 | 0.034 |   1.164 |    0.869 | 
     | U11734                                    | A2 v -> ZN ^ | NR2XD2  | 0.034 |   1.198 |    0.904 | 
     | U11732                                    | A1 ^ -> ZN v | CKND2D4 | 0.035 |   1.233 |    0.939 | 
     | FE_RC_469_0                               | A1 v -> ZN ^ | ND3D8   | 0.025 |   1.258 |    0.964 | 
     | U11614_dup                                | A2 ^ -> ZN v | ND2D4   | 0.043 |   1.301 |    1.007 | 
     | FE_RC_114_0                               | A1 v -> ZN ^ | AOI21D4 | 0.040 |   1.341 |    1.046 | 
     | U11493                                    | A1 ^ -> ZN v | CKND2D2 | 0.025 |   1.365 |    1.071 | 
     | FE_RC_605_0                               | B v -> ZN ^  | OAI21D1 | 0.028 |   1.394 |    1.099 | 
     | core_instance1_sfp_instance_sum_q_reg_16_ | D ^          | EDFQD1  | 0.000 |   1.394 |    1.099 | 
     +-------------------------------------------------------------------------------------------------+ 
Path 5: VIOLATED Setup Check with Pin core_instance1_sfp_instance_sum_q_reg_14_/
CP 
Endpoint:   core_instance1_sfp_instance_sum_q_reg_14_/D (^) checked with  
leading edge of 'clk1'
Beginpoint: inst1[17]                                   (v) triggered by  
leading edge of 'clk1'
Path Groups: {clk1}
Analysis View: WC_VIEW
Other End Arrival Time          0.000
- Setup                         0.100
+ Phase Shift                   1.200
+ CPPR Adjustment               0.000
= Required Time                 1.100
- Arrival Time                  1.391
= Slack Time                   -0.290
     Clock Rise Edge                      0.000
     + Input Delay                        0.200
     = Beginpoint Arrival Time            0.200
     +-------------------------------------------------------------------------------------------------+ 
     |                 Instance                  |     Arc      |  Cell   | Delay | Arrival | Required | 
     |                                           |              |         |       |  Time   |   Time   | 
     |-------------------------------------------+--------------+---------+-------+---------+----------| 
     |                                           | inst1[17] v  |         |       |   0.200 |   -0.090 | 
     | FE_PSBC1720_inst1_17                      | I v -> ZN ^  | INVD16  | 0.041 |   0.241 |   -0.049 | 
     | FE_PSBC1719_inst1_17                      | I ^ -> ZN v  | INVD16  | 0.041 |   0.282 |   -0.009 | 
     | FE_PSBC1731_inst1_17                      | I v -> Z v   | BUFFD16 | 0.078 |   0.360 |    0.069 | 
     | FE_PSBC1728_inst1_17                      | I v -> Z v   | BUFFD16 | 0.058 |   0.417 |    0.127 | 
     | FE_RC_162_0                               | A1 v -> ZN v | IND3D4  | 0.072 |   0.489 |    0.199 | 
     | FE_RC_392_0                               | A1 v -> ZN ^ | ND2D4   | 0.036 |   0.525 |    0.234 | 
     | U8637                                     | B ^ -> S v   | FA1D4   | 0.154 |   0.679 |    0.389 | 
     | FE_RC_416_0                               | A1 v -> ZN ^ | NR2D1   | 0.044 |   0.723 |    0.433 | 
     | FE_RC_426_0                               | I ^ -> ZN v  | INVD1   | 0.035 |   0.758 |    0.468 | 
     | FE_RC_425_0                               | A1 v -> ZN ^ | ND2D4   | 0.033 |   0.791 |    0.501 | 
     | U11577                                    | I ^ -> ZN v  | INVD4   | 0.019 |   0.810 |    0.520 | 
     | U14450                                    | A1 v -> ZN ^ | OAI22D4 | 0.039 |   0.849 |    0.559 | 
     | FE_RC_421_0                               | A3 ^ -> Z v  | XOR3D2  | 0.131 |   0.980 |    0.690 | 
     | U14476                                    | CI v -> CO v | FA1D4   | 0.105 |   1.085 |    0.795 | 
     | U11737                                    | A2 v -> ZN ^ | NR2XD4  | 0.045 |   1.130 |    0.840 | 
     | FE_RC_722_0                               | A2 ^ -> ZN v | OAI21D4 | 0.034 |   1.164 |    0.873 | 
     | U11734                                    | A2 v -> ZN ^ | NR2XD2  | 0.034 |   1.198 |    0.908 | 
     | U11732                                    | A1 ^ -> ZN v | CKND2D4 | 0.035 |   1.233 |    0.943 | 
     | FE_RC_469_0                               | A1 v -> ZN ^ | ND3D8   | 0.025 |   1.258 |    0.968 | 
     | U11614_dup                                | A2 ^ -> ZN v | ND2D4   | 0.043 |   1.301 |    1.011 | 
     | FE_RC_108_0                               | A1 v -> ZN ^ | AOI21D4 | 0.039 |   1.340 |    1.049 | 
     | FE_RC_756_0                               | A1 ^ -> ZN v | CKND2D2 | 0.024 |   1.364 |    1.073 | 
     | FE_RC_755_0                               | B v -> ZN ^  | OAI21D1 | 0.027 |   1.391 |    1.100 | 
     | core_instance1_sfp_instance_sum_q_reg_14_ | D ^          | EDFQD1  | 0.000 |   1.391 |    1.100 | 
     +-------------------------------------------------------------------------------------------------+ 

