*----------------------------------------------------------------------------------------
*	Innovus 19.17-s077_1 (64bit) 12/01/2020 11:09 (Linux 2.6.32-431.11.2.el6.x86_64)
*	
*
* 	Date & Time:	2023-Feb-27 21:09:58 (2023-Feb-28 05:09:58 GMT)
*
*----------------------------------------------------------------------------------------
*
*	Design: fullchip
*
*	Liberty Libraries used: 
*	        WC_VIEW: /home/linux/ieng6/ee260bwi23/public/PDKdata/lib/tcbn65gpluswc.lib
*
*	Power Domain used: 
*              Rail:        VDD      Voltage:        0.9 
*
*       Power View : WC_VIEW
*
*       User-Defined Activity : N.A.
*
*       Activity File: N.A.
*
*       Hierarchical Global Activity: N.A.
*
*       Global Activity: N.A.
*
*       Sequential Element Activity: 0.200000
*
*       Primary Input Activity: 0.200000
*
*       Default icg ratio: N.A.
*
*       Global Comb ClockGate Ratio: N.A.
*
*	Power Units = 1mW
*
*	Time Units = 1e-09 secs 
*
*       report_power -outfile fullchip.post_route.power.rpt
*
-----------------------------------------------------------------------------------------


Total Power 
-----------------------------------------------------------------------------------------
Total Internal Power:      141.36045167 	   74.1236%
Total Switching Power:      47.60623643 	   24.9628%
Total Leakage Power:         1.74238365 	    0.9136%
Total Power:               190.70907086 
-----------------------------------------------------------------------------------------


Group                           Internal   Switching     Leakage       Total  Percentage 
                                Power      Power         Power         Power  (%)        
-----------------------------------------------------------------------------------------
Sequential                           102        5.22      0.7953         108       56.65 
Macro                                  0           0           0           0           0 
IO                                     0           0    6.84e-06    6.84e-06   3.587e-06 
Combinational                      34.44       26.51      0.9147       61.87       32.44 
Clock (Combinational)              4.894       15.88      0.0323       20.81       10.91 
Clock (Sequential)                     0           0           0           0           0 
-----------------------------------------------------------------------------------------
Total                              141.4       47.61       1.742       190.7         100 
-----------------------------------------------------------------------------------------


Rail                  Voltage   Internal   Switching     Leakage       Total  Percentage 
                                Power      Power         Power         Power  (%)        
-----------------------------------------------------------------------------------------
VDD                       0.9      141.4       47.61       1.742       190.7         100 


Clock                           Internal   Switching     Leakage       Total  Percentage 
                                Power      Power         Power         Power  (%)        
-----------------------------------------------------------------------------------------
clk                                4.894       15.88      0.0323       20.81       10.91 
-----------------------------------------------------------------------------------------
Total (excluding duplicates)       4.894       15.88      0.0323       20.81       10.91 
-----------------------------------------------------------------------------------------
Clock: clk
Clock Period: 0.001000 usec 
Clock Toggle Rate:  2000.0000 Mhz 
Clock Static Probability:  0.5000



-----------------------------------------------------------------------------------------
*	Power Distribution Summary: 
*                Highest Average Power: core_instance/CTS_ccl_a_buf_00095 (CKBD16):           0.1691 
*                Highest Leakage Power:         core_instance/U63 (FA1D4):         0.000262 
*          Total Cap:      2.89893e-10 F
*          Total instances in design: 46738
*          Total instances in design with no power:     0
*          Total instances in design with no activity:     0
*          Total Fillers and Decap:     0
-----------------------------------------------------------------------------------------

