###############################################################
#  Generated by:      Cadence Innovus 19.17-s077_1
#  OS:                Linux x86_64(Host ID ieng6-ece-19.ucsd.edu)
#  Generated on:      Mon Feb 27 21:08:18 2023
#  Design:            fullchip
#  Command:           checkPinAssignment
###############################################################

Start Checking pins of top cell: [fullchip] 
**ERROR: (IMPPTN-1755):   Pin [sum_out[23]] of partition [fullchip] connected to net [sum_out[23]] is [PLACED] at location ( 275.700,    0.000) on layer 3 is NOT ON ALLOWED PIN LAYER.
**ERROR: (IMPPTN-1755):   Pin [sum_out[22]] of partition [fullchip] connected to net [sum_out[22]] is [PLACED] at location ( 276.500,    0.000) on layer 3 is NOT ON ALLOWED PIN LAYER.
**ERROR: (IMPPTN-1755):   Pin [sum_out[21]] of partition [fullchip] connected to net [sum_out[21]] is [PLACED] at location ( 277.300,    0.000) on layer 3 is NOT ON ALLOWED PIN LAYER.
**ERROR: (IMPPTN-1755):   Pin [sum_out[20]] of partition [fullchip] connected to net [sum_out[20]] is [PLACED] at location ( 278.100,    0.000) on layer 3 is NOT ON ALLOWED PIN LAYER.
**ERROR: (IMPPTN-1755):   Pin [sum_out[19]] of partition [fullchip] connected to net [sum_out[19]] is [PLACED] at location ( 278.900,    0.000) on layer 3 is NOT ON ALLOWED PIN LAYER.
**ERROR: (IMPPTN-1755):   Pin [sum_out[18]] of partition [fullchip] connected to net [sum_out[18]] is [PLACED] at location ( 279.700,    0.000) on layer 3 is NOT ON ALLOWED PIN LAYER.
**ERROR: (IMPPTN-1755):   Pin [sum_out[17]] of partition [fullchip] connected to net [sum_out[17]] is [PLACED] at location ( 280.500,    0.000) on layer 3 is NOT ON ALLOWED PIN LAYER.
**ERROR: (IMPPTN-1755):   Pin [sum_out[16]] of partition [fullchip] connected to net [sum_out[16]] is [PLACED] at location ( 281.300,    0.000) on layer 3 is NOT ON ALLOWED PIN LAYER.
**ERROR: (IMPPTN-1755):   Pin [sum_out[15]] of partition [fullchip] connected to net [sum_out[15]] is [PLACED] at location ( 282.100,    0.000) on layer 3 is NOT ON ALLOWED PIN LAYER.
**ERROR: (IMPPTN-1755):   Pin [sum_out[14]] of partition [fullchip] connected to net [sum_out[14]] is [PLACED] at location ( 282.900,    0.000) on layer 3 is NOT ON ALLOWED PIN LAYER.
**ERROR: (IMPPTN-1755):   Pin [sum_out[13]] of partition [fullchip] connected to net [sum_out[13]] is [PLACED] at location ( 283.700,    0.000) on layer 3 is NOT ON ALLOWED PIN LAYER.
**ERROR: (IMPPTN-1755):   Pin [sum_out[12]] of partition [fullchip] connected to net [sum_out[12]] is [PLACED] at location ( 284.500,    0.000) on layer 3 is NOT ON ALLOWED PIN LAYER.
**ERROR: (IMPPTN-1755):   Pin [sum_out[11]] of partition [fullchip] connected to net [sum_out[11]] is [PLACED] at location ( 285.300,    0.000) on layer 3 is NOT ON ALLOWED PIN LAYER.
**ERROR: (IMPPTN-1755):   Pin [sum_out[10]] of partition [fullchip] connected to net [sum_out[10]] is [PLACED] at location ( 286.100,    0.000) on layer 3 is NOT ON ALLOWED PIN LAYER.
**ERROR: (IMPPTN-1755):   Pin [sum_out[9]] of partition [fullchip] connected to net [sum_out[9]] is [PLACED] at location ( 286.900,    0.000) on layer 3 is NOT ON ALLOWED PIN LAYER.
**ERROR: (IMPPTN-1755):   Pin [sum_out[8]] of partition [fullchip] connected to net [sum_out[8]] is [PLACED] at location ( 287.700,    0.000) on layer 3 is NOT ON ALLOWED PIN LAYER.
**ERROR: (IMPPTN-1755):   Pin [sum_out[7]] of partition [fullchip] connected to net [sum_out[7]] is [PLACED] at location ( 288.500,    0.000) on layer 3 is NOT ON ALLOWED PIN LAYER.
**ERROR: (IMPPTN-1755):   Pin [sum_out[6]] of partition [fullchip] connected to net [sum_out[6]] is [PLACED] at location ( 289.300,    0.000) on layer 3 is NOT ON ALLOWED PIN LAYER.
**ERROR: (IMPPTN-1755):   Pin [sum_out[5]] of partition [fullchip] connected to net [sum_out[5]] is [PLACED] at location ( 290.100,    0.000) on layer 3 is NOT ON ALLOWED PIN LAYER.
**ERROR: (IMPPTN-1755):   Pin [sum_out[4]] of partition [fullchip] connected to net [sum_out[4]] is [PLACED] at location ( 290.900,    0.000) on layer 3 is NOT ON ALLOWED PIN LAYER.
**ERROR: (IMPPTN-1755):   Pin [sum_out[3]] of partition [fullchip] connected to net [sum_out[3]] is [PLACED] at location ( 291.700,    0.000) on layer 3 is NOT ON ALLOWED PIN LAYER.
**ERROR: (IMPPTN-1755):   Pin [sum_out[2]] of partition [fullchip] connected to net [sum_out[2]] is [PLACED] at location ( 292.500,    0.000) on layer 3 is NOT ON ALLOWED PIN LAYER.
**ERROR: (IMPPTN-1755):   Pin [sum_out[1]] of partition [fullchip] connected to net [sum_out[1]] is [PLACED] at location ( 293.300,    0.000) on layer 3 is NOT ON ALLOWED PIN LAYER.
**ERROR: (IMPPTN-1755):   Pin [sum_out[0]] of partition [fullchip] connected to net [sum_out[0]] is [PLACED] at location ( 294.100,    0.000) on layer 3 is NOT ON ALLOWED PIN LAYER.
**ERROR: (IMPPTN-1755):   Pin [out[159]] of partition [fullchip] connected to net [out[159]] is [PLACED] at location ( 294.900,    0.000) on layer 3 is NOT ON ALLOWED PIN LAYER.
**ERROR: (IMPPTN-1755):   Pin [out[158]] of partition [fullchip] connected to net [out[158]] is [PLACED] at location ( 295.700,    0.000) on layer 3 is NOT ON ALLOWED PIN LAYER.
**ERROR: (IMPPTN-1755):   Pin [out[157]] of partition [fullchip] connected to net [out[157]] is [PLACED] at location ( 296.500,    0.000) on layer 3 is NOT ON ALLOWED PIN LAYER.
**ERROR: (IMPPTN-1755):   Pin [out[156]] of partition [fullchip] connected to net [out[156]] is [PLACED] at location ( 297.300,    0.000) on layer 3 is NOT ON ALLOWED PIN LAYER.
**ERROR: (IMPPTN-1755):   Pin [out[155]] of partition [fullchip] connected to net [out[155]] is [PLACED] at location ( 298.100,    0.000) on layer 3 is NOT ON ALLOWED PIN LAYER.
**ERROR: (IMPPTN-1755):   Pin [out[154]] of partition [fullchip] connected to net [out[154]] is [PLACED] at location ( 298.900,    0.000) on layer 3 is NOT ON ALLOWED PIN LAYER.
**ERROR: (IMPPTN-1755):   Pin [out[153]] of partition [fullchip] connected to net [out[153]] is [PLACED] at location ( 299.700,    0.000) on layer 3 is NOT ON ALLOWED PIN LAYER.
**ERROR: (IMPPTN-1755):   Pin [out[152]] of partition [fullchip] connected to net [out[152]] is [PLACED] at location ( 300.500,    0.000) on layer 3 is NOT ON ALLOWED PIN LAYER.
**ERROR: (IMPPTN-1755):   Pin [out[151]] of partition [fullchip] connected to net [out[151]] is [PLACED] at location ( 301.300,    0.000) on layer 3 is NOT ON ALLOWED PIN LAYER.
**ERROR: (IMPPTN-1755):   Pin [out[150]] of partition [fullchip] connected to net [out[150]] is [PLACED] at location ( 302.100,    0.000) on layer 3 is NOT ON ALLOWED PIN LAYER.
**ERROR: (IMPPTN-1755):   Pin [out[149]] of partition [fullchip] connected to net [out[149]] is [PLACED] at location ( 302.900,    0.000) on layer 3 is NOT ON ALLOWED PIN LAYER.
**ERROR: (IMPPTN-1755):   Pin [out[148]] of partition [fullchip] connected to net [out[148]] is [PLACED] at location ( 303.700,    0.000) on layer 3 is NOT ON ALLOWED PIN LAYER.
**ERROR: (IMPPTN-1755):   Pin [out[147]] of partition [fullchip] connected to net [out[147]] is [PLACED] at location ( 304.500,    0.000) on layer 3 is NOT ON ALLOWED PIN LAYER.
**ERROR: (IMPPTN-1755):   Pin [out[146]] of partition [fullchip] connected to net [out[146]] is [PLACED] at location ( 305.300,    0.000) on layer 3 is NOT ON ALLOWED PIN LAYER.
**ERROR: (IMPPTN-1755):   Pin [out[145]] of partition [fullchip] connected to net [out[145]] is [PLACED] at location ( 306.100,    0.000) on layer 3 is NOT ON ALLOWED PIN LAYER.
**ERROR: (IMPPTN-1755):   Pin [out[144]] of partition [fullchip] connected to net [out[144]] is [PLACED] at location ( 306.900,    0.000) on layer 3 is NOT ON ALLOWED PIN LAYER.
**ERROR: (IMPPTN-1755):   Pin [out[143]] of partition [fullchip] connected to net [out[143]] is [PLACED] at location ( 307.700,    0.000) on layer 3 is NOT ON ALLOWED PIN LAYER.
**ERROR: (IMPPTN-1755):   Pin [out[142]] of partition [fullchip] connected to net [out[142]] is [PLACED] at location ( 308.500,    0.000) on layer 3 is NOT ON ALLOWED PIN LAYER.
**ERROR: (IMPPTN-1755):   Pin [out[141]] of partition [fullchip] connected to net [out[141]] is [PLACED] at location ( 309.300,    0.000) on layer 3 is NOT ON ALLOWED PIN LAYER.
**ERROR: (IMPPTN-1755):   Pin [out[140]] of partition [fullchip] connected to net [out[140]] is [PLACED] at location ( 310.100,    0.000) on layer 3 is NOT ON ALLOWED PIN LAYER.
**ERROR: (IMPPTN-1755):   Pin [out[139]] of partition [fullchip] connected to net [out[139]] is [PLACED] at location ( 310.900,    0.000) on layer 3 is NOT ON ALLOWED PIN LAYER.
**ERROR: (IMPPTN-1755):   Pin [out[138]] of partition [fullchip] connected to net [out[138]] is [PLACED] at location ( 311.700,    0.000) on layer 3 is NOT ON ALLOWED PIN LAYER.
**ERROR: (IMPPTN-1755):   Pin [out[137]] of partition [fullchip] connected to net [out[137]] is [PLACED] at location ( 312.500,    0.000) on layer 3 is NOT ON ALLOWED PIN LAYER.
**ERROR: (IMPPTN-1755):   Pin [out[136]] of partition [fullchip] connected to net [out[136]] is [PLACED] at location ( 313.300,    0.000) on layer 3 is NOT ON ALLOWED PIN LAYER.
**ERROR: (IMPPTN-1755):   Pin [out[135]] of partition [fullchip] connected to net [out[135]] is [PLACED] at location ( 314.100,    0.000) on layer 3 is NOT ON ALLOWED PIN LAYER.
**ERROR: (IMPPTN-1755):   Pin [out[134]] of partition [fullchip] connected to net [out[134]] is [PLACED] at location ( 314.900,    0.000) on layer 3 is NOT ON ALLOWED PIN LAYER.
**ERROR: (IMPPTN-1755):   Pin [out[133]] of partition [fullchip] connected to net [out[133]] is [PLACED] at location ( 315.700,    0.000) on layer 3 is NOT ON ALLOWED PIN LAYER.
**ERROR: (IMPPTN-1755):   Pin [out[132]] of partition [fullchip] connected to net [out[132]] is [PLACED] at location ( 316.500,    0.000) on layer 3 is NOT ON ALLOWED PIN LAYER.
**ERROR: (IMPPTN-1755):   Pin [out[131]] of partition [fullchip] connected to net [out[131]] is [PLACED] at location ( 317.300,    0.000) on layer 3 is NOT ON ALLOWED PIN LAYER.
**ERROR: (IMPPTN-1755):   Pin [out[130]] of partition [fullchip] connected to net [out[130]] is [PLACED] at location ( 318.100,    0.000) on layer 3 is NOT ON ALLOWED PIN LAYER.
**ERROR: (IMPPTN-1755):   Pin [out[129]] of partition [fullchip] connected to net [out[129]] is [PLACED] at location ( 318.900,    0.000) on layer 3 is NOT ON ALLOWED PIN LAYER.
**ERROR: (IMPPTN-1755):   Pin [out[128]] of partition [fullchip] connected to net [out[128]] is [PLACED] at location ( 319.700,    0.000) on layer 3 is NOT ON ALLOWED PIN LAYER.
**ERROR: (IMPPTN-1755):   Pin [out[127]] of partition [fullchip] connected to net [out[127]] is [PLACED] at location ( 320.500,    0.000) on layer 3 is NOT ON ALLOWED PIN LAYER.
**ERROR: (IMPPTN-1755):   Pin [out[126]] of partition [fullchip] connected to net [out[126]] is [PLACED] at location ( 321.300,    0.000) on layer 3 is NOT ON ALLOWED PIN LAYER.
**ERROR: (IMPPTN-1755):   Pin [out[125]] of partition [fullchip] connected to net [out[125]] is [PLACED] at location ( 322.100,    0.000) on layer 3 is NOT ON ALLOWED PIN LAYER.
**ERROR: (IMPPTN-1755):   Pin [out[124]] of partition [fullchip] connected to net [out[124]] is [PLACED] at location ( 322.900,    0.000) on layer 3 is NOT ON ALLOWED PIN LAYER.
**ERROR: (IMPPTN-1755):   Pin [out[123]] of partition [fullchip] connected to net [out[123]] is [PLACED] at location ( 323.700,    0.000) on layer 3 is NOT ON ALLOWED PIN LAYER.
**ERROR: (IMPPTN-1755):   Pin [out[122]] of partition [fullchip] connected to net [out[122]] is [PLACED] at location ( 324.500,    0.000) on layer 3 is NOT ON ALLOWED PIN LAYER.
**ERROR: (IMPPTN-1755):   Pin [out[121]] of partition [fullchip] connected to net [out[121]] is [PLACED] at location ( 325.300,    0.000) on layer 3 is NOT ON ALLOWED PIN LAYER.
**ERROR: (IMPPTN-1755):   Pin [out[120]] of partition [fullchip] connected to net [out[120]] is [PLACED] at location ( 326.100,    0.000) on layer 3 is NOT ON ALLOWED PIN LAYER.
**ERROR: (IMPPTN-1755):   Pin [out[119]] of partition [fullchip] connected to net [out[119]] is [PLACED] at location ( 326.900,    0.000) on layer 3 is NOT ON ALLOWED PIN LAYER.
**ERROR: (IMPPTN-1755):   Pin [out[118]] of partition [fullchip] connected to net [out[118]] is [PLACED] at location ( 327.700,    0.000) on layer 3 is NOT ON ALLOWED PIN LAYER.
**ERROR: (IMPPTN-1755):   Pin [out[117]] of partition [fullchip] connected to net [out[117]] is [PLACED] at location ( 328.500,    0.000) on layer 3 is NOT ON ALLOWED PIN LAYER.
**ERROR: (IMPPTN-1755):   Pin [out[116]] of partition [fullchip] connected to net [out[116]] is [PLACED] at location ( 329.300,    0.000) on layer 3 is NOT ON ALLOWED PIN LAYER.
**ERROR: (IMPPTN-1755):   Pin [out[115]] of partition [fullchip] connected to net [out[115]] is [PLACED] at location ( 330.100,    0.000) on layer 3 is NOT ON ALLOWED PIN LAYER.
**ERROR: (IMPPTN-1755):   Pin [out[114]] of partition [fullchip] connected to net [out[114]] is [PLACED] at location ( 330.900,    0.000) on layer 3 is NOT ON ALLOWED PIN LAYER.
**ERROR: (IMPPTN-1755):   Pin [out[113]] of partition [fullchip] connected to net [out[113]] is [PLACED] at location ( 331.700,    0.000) on layer 3 is NOT ON ALLOWED PIN LAYER.
**ERROR: (IMPPTN-1755):   Pin [out[112]] of partition [fullchip] connected to net [out[112]] is [PLACED] at location ( 332.500,    0.000) on layer 3 is NOT ON ALLOWED PIN LAYER.
**ERROR: (IMPPTN-1755):   Pin [out[111]] of partition [fullchip] connected to net [out[111]] is [PLACED] at location ( 333.300,    0.000) on layer 3 is NOT ON ALLOWED PIN LAYER.
**ERROR: (IMPPTN-1755):   Pin [out[110]] of partition [fullchip] connected to net [out[110]] is [PLACED] at location ( 334.100,    0.000) on layer 3 is NOT ON ALLOWED PIN LAYER.
**ERROR: (IMPPTN-1755):   Pin [out[109]] of partition [fullchip] connected to net [out[109]] is [PLACED] at location ( 334.900,    0.000) on layer 3 is NOT ON ALLOWED PIN LAYER.
**ERROR: (IMPPTN-1755):   Pin [out[108]] of partition [fullchip] connected to net [out[108]] is [PLACED] at location ( 335.700,    0.000) on layer 3 is NOT ON ALLOWED PIN LAYER.
**ERROR: (IMPPTN-1755):   Pin [out[107]] of partition [fullchip] connected to net [out[107]] is [PLACED] at location ( 336.500,    0.000) on layer 3 is NOT ON ALLOWED PIN LAYER.
**ERROR: (IMPPTN-1755):   Pin [out[106]] of partition [fullchip] connected to net [out[106]] is [PLACED] at location ( 337.300,    0.000) on layer 3 is NOT ON ALLOWED PIN LAYER.
**ERROR: (IMPPTN-1755):   Pin [out[105]] of partition [fullchip] connected to net [out[105]] is [PLACED] at location ( 338.100,    0.000) on layer 3 is NOT ON ALLOWED PIN LAYER.
**ERROR: (IMPPTN-1755):   Pin [out[104]] of partition [fullchip] connected to net [out[104]] is [PLACED] at location ( 338.900,    0.000) on layer 3 is NOT ON ALLOWED PIN LAYER.
**ERROR: (IMPPTN-1755):   Pin [out[103]] of partition [fullchip] connected to net [out[103]] is [PLACED] at location ( 339.700,    0.000) on layer 3 is NOT ON ALLOWED PIN LAYER.
**ERROR: (IMPPTN-1755):   Pin [out[102]] of partition [fullchip] connected to net [out[102]] is [PLACED] at location ( 340.500,    0.000) on layer 3 is NOT ON ALLOWED PIN LAYER.
**ERROR: (IMPPTN-1755):   Pin [out[101]] of partition [fullchip] connected to net [out[101]] is [PLACED] at location ( 341.300,    0.000) on layer 3 is NOT ON ALLOWED PIN LAYER.
**ERROR: (IMPPTN-1755):   Pin [out[100]] of partition [fullchip] connected to net [out[100]] is [PLACED] at location ( 342.100,    0.000) on layer 3 is NOT ON ALLOWED PIN LAYER.
**ERROR: (IMPPTN-1755):   Pin [out[99]] of partition [fullchip] connected to net [out[99]] is [PLACED] at location ( 342.900,    0.000) on layer 3 is NOT ON ALLOWED PIN LAYER.
**ERROR: (IMPPTN-1755):   Pin [out[98]] of partition [fullchip] connected to net [out[98]] is [PLACED] at location ( 343.700,    0.000) on layer 3 is NOT ON ALLOWED PIN LAYER.
**ERROR: (IMPPTN-1755):   Pin [out[97]] of partition [fullchip] connected to net [out[97]] is [PLACED] at location ( 344.500,    0.000) on layer 3 is NOT ON ALLOWED PIN LAYER.
**ERROR: (IMPPTN-1755):   Pin [out[96]] of partition [fullchip] connected to net [out[96]] is [PLACED] at location ( 345.300,    0.000) on layer 3 is NOT ON ALLOWED PIN LAYER.
**ERROR: (IMPPTN-1755):   Pin [out[95]] of partition [fullchip] connected to net [out[95]] is [PLACED] at location ( 346.100,    0.000) on layer 3 is NOT ON ALLOWED PIN LAYER.
**ERROR: (IMPPTN-1755):   Pin [out[94]] of partition [fullchip] connected to net [out[94]] is [PLACED] at location ( 346.900,    0.000) on layer 3 is NOT ON ALLOWED PIN LAYER.
**ERROR: (IMPPTN-1755):   Pin [out[93]] of partition [fullchip] connected to net [out[93]] is [PLACED] at location ( 347.700,    0.000) on layer 3 is NOT ON ALLOWED PIN LAYER.
**ERROR: (IMPPTN-1755):   Pin [out[92]] of partition [fullchip] connected to net [out[92]] is [PLACED] at location ( 348.500,    0.000) on layer 3 is NOT ON ALLOWED PIN LAYER.
**ERROR: (IMPPTN-1755):   Pin [out[91]] of partition [fullchip] connected to net [out[91]] is [PLACED] at location ( 349.300,    0.000) on layer 3 is NOT ON ALLOWED PIN LAYER.
**ERROR: (IMPPTN-1755):   Pin [out[90]] of partition [fullchip] connected to net [out[90]] is [PLACED] at location ( 350.100,    0.000) on layer 3 is NOT ON ALLOWED PIN LAYER.
**ERROR: (IMPPTN-1755):   Pin [out[89]] of partition [fullchip] connected to net [out[89]] is [PLACED] at location ( 350.900,    0.000) on layer 3 is NOT ON ALLOWED PIN LAYER.
**ERROR: (IMPPTN-1755):   Pin [out[88]] of partition [fullchip] connected to net [out[88]] is [PLACED] at location ( 351.700,    0.000) on layer 3 is NOT ON ALLOWED PIN LAYER.
**ERROR: (IMPPTN-1755):   Pin [out[87]] of partition [fullchip] connected to net [out[87]] is [PLACED] at location ( 352.500,    0.000) on layer 3 is NOT ON ALLOWED PIN LAYER.
**ERROR: (IMPPTN-1755):   Pin [out[86]] of partition [fullchip] connected to net [out[86]] is [PLACED] at location ( 353.300,    0.000) on layer 3 is NOT ON ALLOWED PIN LAYER.
**ERROR: (IMPPTN-1755):   Pin [out[85]] of partition [fullchip] connected to net [out[85]] is [PLACED] at location ( 354.100,    0.000) on layer 3 is NOT ON ALLOWED PIN LAYER.
**ERROR: (IMPPTN-1755):   Pin [out[84]] of partition [fullchip] connected to net [out[84]] is [PLACED] at location ( 354.900,    0.000) on layer 3 is NOT ON ALLOWED PIN LAYER.
**ERROR: (IMPPTN-1755):   Pin [out[83]] of partition [fullchip] connected to net [out[83]] is [PLACED] at location ( 355.700,    0.000) on layer 3 is NOT ON ALLOWED PIN LAYER.
**ERROR: (IMPPTN-1755):   Pin [out[82]] of partition [fullchip] connected to net [out[82]] is [PLACED] at location ( 356.500,    0.000) on layer 3 is NOT ON ALLOWED PIN LAYER.
**ERROR: (IMPPTN-1755):   Pin [out[81]] of partition [fullchip] connected to net [out[81]] is [PLACED] at location ( 357.300,    0.000) on layer 3 is NOT ON ALLOWED PIN LAYER.
**ERROR: (IMPPTN-1755):   Pin [out[80]] of partition [fullchip] connected to net [out[80]] is [PLACED] at location ( 358.100,    0.000) on layer 3 is NOT ON ALLOWED PIN LAYER.
**ERROR: (IMPPTN-1755):   Pin [out[79]] of partition [fullchip] connected to net [out[79]] is [PLACED] at location ( 358.900,    0.000) on layer 3 is NOT ON ALLOWED PIN LAYER.
**ERROR: (IMPPTN-1755):   Pin [out[78]] of partition [fullchip] connected to net [out[78]] is [PLACED] at location ( 359.700,    0.000) on layer 3 is NOT ON ALLOWED PIN LAYER.
**ERROR: (IMPPTN-1755):   Pin [out[77]] of partition [fullchip] connected to net [out[77]] is [PLACED] at location ( 360.500,    0.000) on layer 3 is NOT ON ALLOWED PIN LAYER.
**ERROR: (IMPPTN-1755):   Pin [out[76]] of partition [fullchip] connected to net [out[76]] is [PLACED] at location ( 361.300,    0.000) on layer 3 is NOT ON ALLOWED PIN LAYER.
**ERROR: (IMPPTN-1755):   Pin [out[75]] of partition [fullchip] connected to net [out[75]] is [PLACED] at location ( 362.100,    0.000) on layer 3 is NOT ON ALLOWED PIN LAYER.
**ERROR: (IMPPTN-1755):   Pin [out[74]] of partition [fullchip] connected to net [out[74]] is [PLACED] at location ( 362.900,    0.000) on layer 3 is NOT ON ALLOWED PIN LAYER.
**ERROR: (IMPPTN-1755):   Pin [out[73]] of partition [fullchip] connected to net [out[73]] is [PLACED] at location ( 363.700,    0.000) on layer 3 is NOT ON ALLOWED PIN LAYER.
**ERROR: (IMPPTN-1755):   Pin [out[72]] of partition [fullchip] connected to net [out[72]] is [PLACED] at location ( 364.500,    0.000) on layer 3 is NOT ON ALLOWED PIN LAYER.
**ERROR: (IMPPTN-1755):   Pin [out[71]] of partition [fullchip] connected to net [out[71]] is [PLACED] at location ( 365.300,    0.000) on layer 3 is NOT ON ALLOWED PIN LAYER.
**ERROR: (IMPPTN-1755):   Pin [out[70]] of partition [fullchip] connected to net [out[70]] is [PLACED] at location ( 366.100,    0.000) on layer 3 is NOT ON ALLOWED PIN LAYER.
**ERROR: (IMPPTN-1755):   Pin [out[69]] of partition [fullchip] connected to net [out[69]] is [PLACED] at location ( 366.900,    0.000) on layer 3 is NOT ON ALLOWED PIN LAYER.
**ERROR: (IMPPTN-1755):   Pin [out[68]] of partition [fullchip] connected to net [out[68]] is [PLACED] at location ( 367.700,    0.000) on layer 3 is NOT ON ALLOWED PIN LAYER.
**ERROR: (IMPPTN-1755):   Pin [out[67]] of partition [fullchip] connected to net [out[67]] is [PLACED] at location ( 368.500,    0.000) on layer 3 is NOT ON ALLOWED PIN LAYER.
**ERROR: (IMPPTN-1755):   Pin [out[66]] of partition [fullchip] connected to net [out[66]] is [PLACED] at location ( 369.300,    0.000) on layer 3 is NOT ON ALLOWED PIN LAYER.
**ERROR: (IMPPTN-1755):   Pin [out[65]] of partition [fullchip] connected to net [out[65]] is [PLACED] at location ( 370.100,    0.000) on layer 3 is NOT ON ALLOWED PIN LAYER.
**ERROR: (IMPPTN-1755):   Pin [out[64]] of partition [fullchip] connected to net [out[64]] is [PLACED] at location ( 370.900,    0.000) on layer 3 is NOT ON ALLOWED PIN LAYER.
**ERROR: (IMPPTN-1755):   Pin [out[63]] of partition [fullchip] connected to net [out[63]] is [PLACED] at location ( 371.700,    0.000) on layer 3 is NOT ON ALLOWED PIN LAYER.
**ERROR: (IMPPTN-1755):   Pin [out[62]] of partition [fullchip] connected to net [out[62]] is [PLACED] at location ( 372.500,    0.000) on layer 3 is NOT ON ALLOWED PIN LAYER.
**ERROR: (IMPPTN-1755):   Pin [out[61]] of partition [fullchip] connected to net [out[61]] is [PLACED] at location ( 373.300,    0.000) on layer 3 is NOT ON ALLOWED PIN LAYER.
**ERROR: (IMPPTN-1755):   Pin [out[60]] of partition [fullchip] connected to net [out[60]] is [PLACED] at location ( 374.100,    0.000) on layer 3 is NOT ON ALLOWED PIN LAYER.
**ERROR: (IMPPTN-1755):   Pin [out[59]] of partition [fullchip] connected to net [out[59]] is [PLACED] at location ( 374.900,    0.000) on layer 3 is NOT ON ALLOWED PIN LAYER.
**ERROR: (IMPPTN-1755):   Pin [out[58]] of partition [fullchip] connected to net [out[58]] is [PLACED] at location ( 375.700,    0.000) on layer 3 is NOT ON ALLOWED PIN LAYER.
**ERROR: (IMPPTN-1755):   Pin [out[57]] of partition [fullchip] connected to net [out[57]] is [PLACED] at location ( 376.500,    0.000) on layer 3 is NOT ON ALLOWED PIN LAYER.
**ERROR: (IMPPTN-1755):   Pin [out[56]] of partition [fullchip] connected to net [out[56]] is [PLACED] at location ( 377.300,    0.000) on layer 3 is NOT ON ALLOWED PIN LAYER.
**ERROR: (IMPPTN-1755):   Pin [out[55]] of partition [fullchip] connected to net [out[55]] is [PLACED] at location ( 378.100,    0.000) on layer 3 is NOT ON ALLOWED PIN LAYER.
**ERROR: (IMPPTN-1755):   Pin [out[54]] of partition [fullchip] connected to net [out[54]] is [PLACED] at location ( 378.900,    0.000) on layer 3 is NOT ON ALLOWED PIN LAYER.
**ERROR: (IMPPTN-1755):   Pin [out[53]] of partition [fullchip] connected to net [out[53]] is [PLACED] at location ( 379.700,    0.000) on layer 3 is NOT ON ALLOWED PIN LAYER.
**ERROR: (IMPPTN-1755):   Pin [out[52]] of partition [fullchip] connected to net [out[52]] is [PLACED] at location ( 380.500,    0.000) on layer 3 is NOT ON ALLOWED PIN LAYER.
**ERROR: (IMPPTN-1755):   Pin [out[51]] of partition [fullchip] connected to net [out[51]] is [PLACED] at location ( 381.300,    0.000) on layer 3 is NOT ON ALLOWED PIN LAYER.
**ERROR: (IMPPTN-1755):   Pin [out[50]] of partition [fullchip] connected to net [out[50]] is [PLACED] at location ( 382.100,    0.000) on layer 3 is NOT ON ALLOWED PIN LAYER.
**ERROR: (IMPPTN-1755):   Pin [out[49]] of partition [fullchip] connected to net [out[49]] is [PLACED] at location ( 382.900,    0.000) on layer 3 is NOT ON ALLOWED PIN LAYER.
**ERROR: (IMPPTN-1755):   Pin [out[48]] of partition [fullchip] connected to net [out[48]] is [PLACED] at location ( 383.700,    0.000) on layer 3 is NOT ON ALLOWED PIN LAYER.
**ERROR: (IMPPTN-1755):   Pin [out[47]] of partition [fullchip] connected to net [out[47]] is [PLACED] at location ( 384.500,    0.000) on layer 3 is NOT ON ALLOWED PIN LAYER.
**ERROR: (IMPPTN-1755):   Pin [out[46]] of partition [fullchip] connected to net [out[46]] is [PLACED] at location ( 385.300,    0.000) on layer 3 is NOT ON ALLOWED PIN LAYER.
**ERROR: (IMPPTN-1755):   Pin [out[45]] of partition [fullchip] connected to net [out[45]] is [PLACED] at location ( 386.100,    0.000) on layer 3 is NOT ON ALLOWED PIN LAYER.
**ERROR: (IMPPTN-1755):   Pin [out[44]] of partition [fullchip] connected to net [out[44]] is [PLACED] at location ( 386.900,    0.000) on layer 3 is NOT ON ALLOWED PIN LAYER.
**ERROR: (IMPPTN-1755):   Pin [out[43]] of partition [fullchip] connected to net [out[43]] is [PLACED] at location ( 387.700,    0.000) on layer 3 is NOT ON ALLOWED PIN LAYER.
**ERROR: (IMPPTN-1755):   Pin [out[42]] of partition [fullchip] connected to net [out[42]] is [PLACED] at location ( 388.500,    0.000) on layer 3 is NOT ON ALLOWED PIN LAYER.
**ERROR: (IMPPTN-1755):   Pin [out[41]] of partition [fullchip] connected to net [out[41]] is [PLACED] at location ( 389.300,    0.000) on layer 3 is NOT ON ALLOWED PIN LAYER.
**ERROR: (IMPPTN-1755):   Pin [out[40]] of partition [fullchip] connected to net [out[40]] is [PLACED] at location ( 390.100,    0.000) on layer 3 is NOT ON ALLOWED PIN LAYER.
**ERROR: (IMPPTN-1755):   Pin [out[39]] of partition [fullchip] connected to net [out[39]] is [PLACED] at location ( 390.900,    0.000) on layer 3 is NOT ON ALLOWED PIN LAYER.
**ERROR: (IMPPTN-1755):   Pin [out[38]] of partition [fullchip] connected to net [out[38]] is [PLACED] at location ( 391.700,    0.000) on layer 3 is NOT ON ALLOWED PIN LAYER.
**ERROR: (IMPPTN-1755):   Pin [out[37]] of partition [fullchip] connected to net [out[37]] is [PLACED] at location ( 392.500,    0.000) on layer 3 is NOT ON ALLOWED PIN LAYER.
**ERROR: (IMPPTN-1755):   Pin [out[36]] of partition [fullchip] connected to net [out[36]] is [PLACED] at location ( 393.300,    0.000) on layer 3 is NOT ON ALLOWED PIN LAYER.
**ERROR: (IMPPTN-1755):   Pin [out[35]] of partition [fullchip] connected to net [out[35]] is [PLACED] at location ( 394.100,    0.000) on layer 3 is NOT ON ALLOWED PIN LAYER.
**ERROR: (IMPPTN-1755):   Pin [out[34]] of partition [fullchip] connected to net [out[34]] is [PLACED] at location ( 394.900,    0.000) on layer 3 is NOT ON ALLOWED PIN LAYER.
**ERROR: (IMPPTN-1755):   Pin [out[33]] of partition [fullchip] connected to net [out[33]] is [PLACED] at location ( 395.700,    0.000) on layer 3 is NOT ON ALLOWED PIN LAYER.
**ERROR: (IMPPTN-1755):   Pin [out[32]] of partition [fullchip] connected to net [out[32]] is [PLACED] at location ( 396.500,    0.000) on layer 3 is NOT ON ALLOWED PIN LAYER.
**ERROR: (IMPPTN-1755):   Pin [out[31]] of partition [fullchip] connected to net [out[31]] is [PLACED] at location ( 397.300,    0.000) on layer 3 is NOT ON ALLOWED PIN LAYER.
**ERROR: (IMPPTN-1755):   Pin [out[30]] of partition [fullchip] connected to net [out[30]] is [PLACED] at location ( 398.100,    0.000) on layer 3 is NOT ON ALLOWED PIN LAYER.
**ERROR: (IMPPTN-1755):   Pin [out[29]] of partition [fullchip] connected to net [out[29]] is [PLACED] at location ( 398.900,    0.000) on layer 3 is NOT ON ALLOWED PIN LAYER.
**ERROR: (IMPPTN-1755):   Pin [out[28]] of partition [fullchip] connected to net [out[28]] is [PLACED] at location ( 399.700,    0.000) on layer 3 is NOT ON ALLOWED PIN LAYER.
**ERROR: (IMPPTN-1755):   Pin [out[27]] of partition [fullchip] connected to net [out[27]] is [PLACED] at location ( 400.500,    0.000) on layer 3 is NOT ON ALLOWED PIN LAYER.
**ERROR: (IMPPTN-1755):   Pin [out[26]] of partition [fullchip] connected to net [out[26]] is [PLACED] at location ( 401.300,    0.000) on layer 3 is NOT ON ALLOWED PIN LAYER.
**ERROR: (IMPPTN-1755):   Pin [out[25]] of partition [fullchip] connected to net [out[25]] is [PLACED] at location ( 402.100,    0.000) on layer 3 is NOT ON ALLOWED PIN LAYER.
**ERROR: (IMPPTN-1755):   Pin [out[24]] of partition [fullchip] connected to net [out[24]] is [PLACED] at location ( 402.900,    0.000) on layer 3 is NOT ON ALLOWED PIN LAYER.
**ERROR: (IMPPTN-1755):   Pin [out[23]] of partition [fullchip] connected to net [out[23]] is [PLACED] at location ( 403.700,    0.000) on layer 3 is NOT ON ALLOWED PIN LAYER.
**ERROR: (IMPPTN-1755):   Pin [out[22]] of partition [fullchip] connected to net [out[22]] is [PLACED] at location ( 404.500,    0.000) on layer 3 is NOT ON ALLOWED PIN LAYER.
**ERROR: (IMPPTN-1755):   Pin [out[21]] of partition [fullchip] connected to net [out[21]] is [PLACED] at location ( 405.300,    0.000) on layer 3 is NOT ON ALLOWED PIN LAYER.
**ERROR: (IMPPTN-1755):   Pin [out[20]] of partition [fullchip] connected to net [out[20]] is [PLACED] at location ( 406.100,    0.000) on layer 3 is NOT ON ALLOWED PIN LAYER.
**ERROR: (IMPPTN-1755):   Pin [out[19]] of partition [fullchip] connected to net [out[19]] is [PLACED] at location ( 406.900,    0.000) on layer 3 is NOT ON ALLOWED PIN LAYER.
**ERROR: (IMPPTN-1755):   Pin [out[18]] of partition [fullchip] connected to net [out[18]] is [PLACED] at location ( 407.700,    0.000) on layer 3 is NOT ON ALLOWED PIN LAYER.
**ERROR: (IMPPTN-1755):   Pin [out[17]] of partition [fullchip] connected to net [out[17]] is [PLACED] at location ( 408.500,    0.000) on layer 3 is NOT ON ALLOWED PIN LAYER.
**ERROR: (IMPPTN-1755):   Pin [out[16]] of partition [fullchip] connected to net [out[16]] is [PLACED] at location ( 409.300,    0.000) on layer 3 is NOT ON ALLOWED PIN LAYER.
**ERROR: (IMPPTN-1755):   Pin [out[15]] of partition [fullchip] connected to net [out[15]] is [PLACED] at location ( 410.100,    0.000) on layer 3 is NOT ON ALLOWED PIN LAYER.
**ERROR: (IMPPTN-1755):   Pin [out[14]] of partition [fullchip] connected to net [out[14]] is [PLACED] at location ( 410.900,    0.000) on layer 3 is NOT ON ALLOWED PIN LAYER.
**ERROR: (IMPPTN-1755):   Pin [out[13]] of partition [fullchip] connected to net [out[13]] is [PLACED] at location ( 411.700,    0.000) on layer 3 is NOT ON ALLOWED PIN LAYER.
**ERROR: (IMPPTN-1755):   Pin [out[12]] of partition [fullchip] connected to net [out[12]] is [PLACED] at location ( 412.500,    0.000) on layer 3 is NOT ON ALLOWED PIN LAYER.
**ERROR: (IMPPTN-1755):   Pin [out[11]] of partition [fullchip] connected to net [out[11]] is [PLACED] at location ( 413.300,    0.000) on layer 3 is NOT ON ALLOWED PIN LAYER.
**ERROR: (IMPPTN-1755):   Pin [out[10]] of partition [fullchip] connected to net [out[10]] is [PLACED] at location ( 414.100,    0.000) on layer 3 is NOT ON ALLOWED PIN LAYER.
**ERROR: (IMPPTN-1755):   Pin [out[9]] of partition [fullchip] connected to net [out[9]] is [PLACED] at location ( 414.900,    0.000) on layer 3 is NOT ON ALLOWED PIN LAYER.
**ERROR: (IMPPTN-1755):   Pin [out[8]] of partition [fullchip] connected to net [out[8]] is [PLACED] at location ( 415.700,    0.000) on layer 3 is NOT ON ALLOWED PIN LAYER.
**ERROR: (IMPPTN-1755):   Pin [out[7]] of partition [fullchip] connected to net [out[7]] is [PLACED] at location ( 416.500,    0.000) on layer 3 is NOT ON ALLOWED PIN LAYER.
**ERROR: (IMPPTN-1755):   Pin [out[6]] of partition [fullchip] connected to net [out[6]] is [PLACED] at location ( 417.300,    0.000) on layer 3 is NOT ON ALLOWED PIN LAYER.
**ERROR: (IMPPTN-1755):   Pin [out[5]] of partition [fullchip] connected to net [out[5]] is [PLACED] at location ( 418.100,    0.000) on layer 3 is NOT ON ALLOWED PIN LAYER.
**ERROR: (IMPPTN-1755):   Pin [out[4]] of partition [fullchip] connected to net [out[4]] is [PLACED] at location ( 418.900,    0.000) on layer 3 is NOT ON ALLOWED PIN LAYER.
**ERROR: (IMPPTN-1755):   Pin [out[3]] of partition [fullchip] connected to net [out[3]] is [PLACED] at location ( 419.700,    0.000) on layer 3 is NOT ON ALLOWED PIN LAYER.
**ERROR: (IMPPTN-1755):   Pin [out[2]] of partition [fullchip] connected to net [out[2]] is [PLACED] at location ( 420.500,    0.000) on layer 3 is NOT ON ALLOWED PIN LAYER.
**ERROR: (IMPPTN-1755):   Pin [out[1]] of partition [fullchip] connected to net [out[1]] is [PLACED] at location ( 421.300,    0.000) on layer 3 is NOT ON ALLOWED PIN LAYER.
**ERROR: (IMPPTN-1755):   Pin [out[0]] of partition [fullchip] connected to net [out[0]] is [PLACED] at location ( 422.100,    0.000) on layer 3 is NOT ON ALLOWED PIN LAYER.
Summary report for top level: [fullchip] 
	Total Pins                         : 331
	Legally Assigned Pins              : 147
	Illegally Assigned Pins            : 184
End of Summary report
End Checking pins of top cell: [fullchip] 


===========================================================================================================================
                                                checkPinAssignment Summary
===========================================================================================================================
Partition   | pads  | pins   | legal  | illegal | internal | internal illegal | FT     | FT illegal | constant | unplaced |
===========================================================================================================================
fullchip    |     0 |    331 |    147 |     184 |        0 |                0 |      0 |          0 |        0 |        0 |
===========================================================================================================================
TOTAL       |     0 |    331 |    147 |     184 |        0 |                0 |      0 |          0 |        0 |        0 |
===========================================================================================================================
