
Cadence Innovus(TM) Implementation System.
Copyright 2019 Cadence Design Systems, Inc. All rights reserved worldwide.

Version:	v19.17-s077_1, built Tue Dec 1 11:09:44 PST 2020
Options:	
Date:		Mon Feb 27 18:57:43 2023
Host:		ieng6-ece-19.ucsd.edu (x86_64 w/Linux 3.10.0-1160.80.1.el7.x86_64) (4cores*8cpus*Intel(R) Xeon(R) CPU E5-2650 v2 @ 2.60GHz 20480KB)
OS:		CentOS Linux release 7.9.2009 (Core)

License:
		invs	Innovus Implementation System	19.1	checkout succeeded
		8 CPU jobs allowed with the current license(s). Use setMultiCpuUsage to set your required CPU count.
Change the soft stacksize limit to 0.2%RAM (64 mbytes). Set global soft_stack_size_limit to change the value.

**INFO:  MMMC transition support version v31-84 

<CMD> set_global _enable_mmmc_by_default_flow      $CTE::mmmc_default
<CMD> suppressMessage ENCEXT-2799
<CMD> win
<CMD> set init_pwr_net VDD
<CMD> set init_gnd_net VSS
<CMD> set init_verilog ./netlist/fullchip.v
<CMD> set init_design_netlisttype Verilog
<CMD> set init_design_settop 1
<CMD> set init_top_cell fullchip
<CMD> set init_lef_file /home/linux/ieng6/ee260bwi23/public/PDKdata/lef/tcbn65gplus_8lmT2.lef
<CMD> create_library_set -name WC_LIB -timing $worst_timing_lib
<CMD> create_library_set -name BC_LIB -timing $best_timing_lib
<CMD> create_rc_corner -name Cmax -cap_table $worst_captbl -T 125
<CMD> create_rc_corner -name Cmin -cap_table $best_captbl -T -40
<CMD> create_delay_corner -name WC -library_set WC_LIB -rc_corner Cmax
<CMD> create_delay_corner -name BC -library_set BC_LIB -rc_corner Cmin
<CMD> create_constraint_mode -name CON -sdc_file [list $sdc]
<CMD> create_analysis_view -name WC_VIEW -delay_corner WC -constraint_mode CON
<CMD> create_analysis_view -name BC_VIEW -delay_corner BC -constraint_mode CON
<CMD> init_design -setup WC_VIEW -hold BC_VIEW

Loading LEF file /home/linux/ieng6/ee260bwi23/public/PDKdata/lef/tcbn65gplus_8lmT2.lef ...
WARNING (LEFPARS-2007): NAMESCASESENSITIVE statement is obsolete in version 5.6 and later.
The LEF parser will ignore this statement.
To avoid this warning in the future, remove this statement from the LEF file with version 5.6 or later. See file /home/linux/ieng6/ee260bwi23/public/PDKdata/lef/tcbn65gplus_8lmT2.lef at line 28.
WARNING (LEFPARS-2019): TOPOFSTACKONLY statement is obsolete in version 5.6 and later.
The LEF parser will ignore this statement.
To avoid this warning in the future, remove this statement from the LEF file with version 5.6 or later See file /home/linux/ieng6/ee260bwi23/public/PDKdata/lef/tcbn65gplus_8lmT2.lef at line 867.
WARNING (LEFPARS-2019): TOPOFSTACKONLY statement is obsolete in version 5.6 and later.
The LEF parser will ignore this statement.
To avoid this warning in the future, remove this statement from the LEF file with version 5.6 or later See file /home/linux/ieng6/ee260bwi23/public/PDKdata/lef/tcbn65gplus_8lmT2.lef at line 877.
WARNING (LEFPARS-2019): TOPOFSTACKONLY statement is obsolete in version 5.6 and later.
The LEF parser will ignore this statement.
To avoid this warning in the future, remove this statement from the LEF file with version 5.6 or later See file /home/linux/ieng6/ee260bwi23/public/PDKdata/lef/tcbn65gplus_8lmT2.lef at line 1014.
WARNING (LEFPARS-2019): TOPOFSTACKONLY statement is obsolete in version 5.6 and later.
The LEF parser will ignore this statement.
To avoid this warning in the future, remove this statement from the LEF file with version 5.6 or later See file /home/linux/ieng6/ee260bwi23/public/PDKdata/lef/tcbn65gplus_8lmT2.lef at line 1024.
WARNING (LEFPARS-2019): TOPOFSTACKONLY statement is obsolete in version 5.6 and later.
The LEF parser will ignore this statement.
To avoid this warning in the future, remove this statement from the LEF file with version 5.6 or later See file /home/linux/ieng6/ee260bwi23/public/PDKdata/lef/tcbn65gplus_8lmT2.lef at line 1161.
WARNING (LEFPARS-2019): TOPOFSTACKONLY statement is obsolete in version 5.6 and later.
The LEF parser will ignore this statement.
To avoid this warning in the future, remove this statement from the LEF file with version 5.6 or later See file /home/linux/ieng6/ee260bwi23/public/PDKdata/lef/tcbn65gplus_8lmT2.lef at line 1171.
WARNING (LEFPARS-2019): TOPOFSTACKONLY statement is obsolete in version 5.6 and later.
The LEF parser will ignore this statement.
To avoid this warning in the future, remove this statement from the LEF file with version 5.6 or later See file /home/linux/ieng6/ee260bwi23/public/PDKdata/lef/tcbn65gplus_8lmT2.lef at line 1308.
WARNING (LEFPARS-2019): TOPOFSTACKONLY statement is obsolete in version 5.6 and later.
The LEF parser will ignore this statement.
To avoid this warning in the future, remove this statement from the LEF file with version 5.6 or later See file /home/linux/ieng6/ee260bwi23/public/PDKdata/lef/tcbn65gplus_8lmT2.lef at line 1318.
WARNING (LEFPARS-2019): TOPOFSTACKONLY statement is obsolete in version 5.6 and later.
The LEF parser will ignore this statement.
To avoid this warning in the future, remove this statement from the LEF file with version 5.6 or later See file /home/linux/ieng6/ee260bwi23/public/PDKdata/lef/tcbn65gplus_8lmT2.lef at line 1372.
WARNING (LEFPARS-2019): TOPOFSTACKONLY statement is obsolete in version 5.6 and later.
The LEF parser will ignore this statement.
To avoid this warning in the future, remove this statement from the LEF file with version 5.6 or later See file /home/linux/ieng6/ee260bwi23/public/PDKdata/lef/tcbn65gplus_8lmT2.lef at line 1383.
WARNING (LEFPARS-2019): TOPOFSTACKONLY statement is obsolete in version 5.6 and later.
The LEF parser will ignore this statement.
To avoid this warning in the future, remove this statement from the LEF file with version 5.6 or later See file /home/linux/ieng6/ee260bwi23/public/PDKdata/lef/tcbn65gplus_8lmT2.lef at line 1604.
WARNING (LEFPARS-2019): TOPOFSTACKONLY statement is obsolete in version 5.6 and later.
The LEF parser will ignore this statement.
To avoid this warning in the future, remove this statement from the LEF file with version 5.6 or later See file /home/linux/ieng6/ee260bwi23/public/PDKdata/lef/tcbn65gplus_8lmT2.lef at line 1614.
WARNING (LEFPARS-2022): DIRECTION statement in VIARULE is obsolete in version 5.6 and later.
The LEF parser will ignore this statement.
To avoid this warning in the future, remove this statement from the LEF file with version 5.6 or later. See file /home/linux/ieng6/ee260bwi23/public/PDKdata/lef/tcbn65gplus_8lmT2.lef at line 1769.
WARNING (LEFPARS-2022): DIRECTION statement in VIARULE is obsolete in version 5.6 and later.
The LEF parser will ignore this statement.
To avoid this warning in the future, remove this statement from the LEF file with version 5.6 or later. See file /home/linux/ieng6/ee260bwi23/public/PDKdata/lef/tcbn65gplus_8lmT2.lef at line 1771.
WARNING (LEFPARS-2021): turn-via is obsolete in version 5.6 and later.
The LEF parser will ignore this statement.
To avoid this warning in the future, remove this statement from the LEF file with version 5.6 or later. See file /home/linux/ieng6/ee260bwi23/public/PDKdata/lef/tcbn65gplus_8lmT2.lef at line 1772.
WARNING (LEFPARS-2022): DIRECTION statement in VIARULE is obsolete in version 5.6 and later.
The LEF parser will ignore this statement.
To avoid this warning in the future, remove this statement from the LEF file with version 5.6 or later. See file /home/linux/ieng6/ee260bwi23/public/PDKdata/lef/tcbn65gplus_8lmT2.lef at line 1776.
WARNING (LEFPARS-2022): DIRECTION statement in VIARULE is obsolete in version 5.6 and later.
The LEF parser will ignore this statement.
To avoid this warning in the future, remove this statement from the LEF file with version 5.6 or later. See file /home/linux/ieng6/ee260bwi23/public/PDKdata/lef/tcbn65gplus_8lmT2.lef at line 1778.
WARNING (LEFPARS-2021): turn-via is obsolete in version 5.6 and later.
The LEF parser will ignore this statement.
To avoid this warning in the future, remove this statement from the LEF file with version 5.6 or later. See file /home/linux/ieng6/ee260bwi23/public/PDKdata/lef/tcbn65gplus_8lmT2.lef at line 1779.
WARNING (LEFPARS-2022): DIRECTION statement in VIARULE is obsolete in version 5.6 and later.
The LEF parser will ignore this statement.
To avoid this warning in the future, remove this statement from the LEF file with version 5.6 or later. See file /home/linux/ieng6/ee260bwi23/public/PDKdata/lef/tcbn65gplus_8lmT2.lef at line 1783.
Set DBUPerIGU to M2 pitch 400.
**WARN: (IMPLF-200):	Pin 'I' in macro 'ANTENNA' has no ANTENNAGATEAREA value defined. The library data is incomplete and some process antenna rules will not be checked correctly.
Type 'man IMPLF-200' for more detail.

viaInitial starts at Mon Feb 27 18:58:18 2023
viaInitial ends at Mon Feb 27 18:58:18 2023

##  Check design process and node:  
##  Both design process and tech node are not set.

Reading WC_LIB timing library '/home/linux/ieng6/ee260bwi23/public/PDKdata/lib/tcbn65gpluswc.lib' ...
Read 811 cells in library 'tcbn65gpluswc' 
Reading BC_LIB timing library '/home/linux/ieng6/ee260bwi23/public/PDKdata/lib/tcbn65gplusbc.lib' ...
Read 811 cells in library 'tcbn65gplusbc' 
*** End library_loading (cpu=0.04min, real=0.03min, mem=28.0M, fe_cpu=0.37min, fe_real=0.62min, fe_mem=734.4M) ***
**ERROR: (IMPSYT-16038):	The specified file './netlist/fullchip.v' could not be found. Check your file system, correct the file name.
**ERROR: (IMPIMEX-7008):	No netlist files are found.

<CMD> set init_pwr_net VDD
<CMD> set init_gnd_net VSS
<CMD> set init_verilog ./netlist/fullchip.out.v
<CMD> set init_design_netlisttype Verilog
<CMD> set init_design_settop 1
<CMD> set init_top_cell fullchip
<CMD> set init_lef_file /home/linux/ieng6/ee260bwi23/public/PDKdata/lef/tcbn65gplus_8lmT2.lef
<CMD> create_library_set -name WC_LIB -timing $worst_timing_lib
<CMD> create_library_set -name BC_LIB -timing $best_timing_lib
<CMD> create_rc_corner -name Cmax -cap_table $worst_captbl -T 125
Extraction setup Started 
Innovus terminated by internal (SEGV) error/signal...
*** Stack trace:
*** Stack trace:
/software/ECE/Innovus-19.1/tools/innovus/bin/64bit/innovus[0x12e84e86]
/software/ECE/Innovus-19.1/tools/innovus/bin/64bit/innovus(syStackTrace+0xb7)[0x12e85308]
/software/ECE/Innovus-19.1/tools/innovus/bin/64bit/innovus[0x484ebc4]
/lib64/libpthread.so.0(+0xf630)[0x7fb33d210630]
/software/ECE/Innovus-19.1/tools/innovus/bin/64bit/innovus(_ZN12peLayerPitch17computeLayerPitchEv+0x4f)[0xc9c0b0f]
/software/ECE/Innovus-19.1/tools/innovus/bin/64bit/innovus(_ZN14peEngineClient16getLayerInfoByIdERSt6vectorI11eeLayerInfoSaIS1_EE+0x8da)[0xc9bad9a]
/software/ECE/Innovus-19.1/tools/innovus/bin/64bit/innovus(_ZN14peEngineClient12getLayerInfoERSt6vectorI11eeLayerInfoSaIS1_EE+0xc0c)[0xc9bbd0c]
/software/ECE/Innovus-19.1/tools/innovus/bin/64bit/innovus(_ZN21eeExtEngineDesignData12setLayerInfoEv+0x4c)[0x4dba6dc]
/software/ECE/Innovus-19.1/tools/innovus/bin/64bit/innovus[0xc8e9a89]
/software/ECE/Innovus-19.1/tools/innovus/bin/64bit/innovus(_Z10dbMCRCInitv+0xa)[0xc8f07fa]
/software/ECE/Innovus-19.1/tools/innovus/bin/64bit/innovus(_Z28peiInitializeExtractionSetUpb+0x23)[0xc8f0a73]
/software/ECE/Innovus-19.1/tools/innovus/bin/64bit/innovus[0xf769213]
/software/ECE/Innovus-19.1/tools/innovus/bin/64bit/innovus(_ZN6TAMmmc14updateRcCornerEP14TAMmmcRcCornerPKcf9tabooleanR18TAMmmcTripleFactorS4_fS4_S6_S4_S6_S4_fS4_fS4_S6_S4_S6_S4_S3_S3_S3_fS4_S3_+0x3a8)[0x130e8ba8]
/software/ECE/Innovus-19.1/tools/innovus/bin/64bit/innovus(_Z30TaCmd_createOrUpdate_rc_cornerPvP10Tcl_InterpiPPc9tabooleanP6tcmCmd+0x890)[0x14277f20]
/software/ECE/Innovus-19.1/tools/innovus/bin/64bit/innovus(_ZN10tcmBaseCmd7executeEP10Tcl_InterpiPPc+0x188)[0x151b45e8]
/software/ECE/Innovus-19.1/tools/innovus/bin/64bit/innovus(_ZN6tcmMgr9cmdParserEPvP10Tcl_InterpiPPc+0x67b)[0x151a35ab]
/software/ECE/Innovus-19.1/tools/innovus/bin/64bit/innovus(TclInvokeStringCommand+0x80)[0x18b0c5b0]
/software/ECE/Innovus-19.1/tools/innovus/bin/64bit/innovus(TclNRRunCallbacks+0x47)[0x18b10f27]
/software/ECE/Innovus-19.1/tools/innovus/bin/64bit/innovus[0x18b133f8]
/software/ECE/Innovus-19.1/tools/innovus/bin/64bit/innovus(Tcl_EvalEx+0x16)[0x18b13d26]
/software/ECE/Innovus-19.1/tools/innovus/bin/64bit/innovus(TclNREvalObjEx+0x6f)[0x18b13dcf]
/software/ECE/Innovus-19.1/tools/innovus/bin/64bit/innovus[0x18bc95cb]
/software/ECE/Innovus-19.1/tools/innovus/bin/64bit/innovus[0x18b27021]
/software/ECE/Innovus-19.1/tools/innovus/bin/64bit/innovus(TclNRRunCallbacks+0x47)[0x18b10f27]
/software/ECE/Innovus-19.1/tools/innovus/bin/64bit/innovus(Tcl_RecordAndEvalObj+0xf4)[0x18baf624]
/software/ECE/Innovus-19.1/tools/innovus/bin/64bit/innovus(Tcl_RecordAndEval+0x38)[0x18baf788]
/software/ECE/Innovus-19.1/tools/innovus/bin/64bit/innovus(_Z17rdaEditCmdLineEndPc+0x33d)[0x490d4ad]
/software/ECE/Innovus-19.1/tools/innovus/bin/64bit/innovus(_ZN9seConsole7sesMode9DoExecuteERKSsPv+0xc7)[0xf807d27]
/software/ECE/Innovus-19.1/tools/innovus/bin/64bit/innovus(_ZN7Redline9EmacsMode10AcceptLineEv+0x3c)[0x10920c3c]
/software/ECE/Innovus-19.1/tools/innovus/bin/64bit/innovus(_ZN7Redline11ModeCommandINS_9EmacsModeEE15CommandFnNoKeysERKN5boost8functionIFvRS1_EEERNS_6EditorE+0x61)[0x109291c1]
/software/ECE/Innovus-19.1/tools/innovus/bin/64bit/innovus(_ZN5boost6detail8function26void_function_obj_invoker2INS_3_bi6bind_tINS3_11unspecifiedENS_8functionIFvRN7Redline6EditorEEEENS3_5list1INS_3argILi1EEEEEEEvS9_RKNS7_14KeyCombinationEE6invokeERNS1_15function_bufferES9_SJ_+0x1b)[0x10938a1b]
/software/ECE/Innovus-19.1/tools/innovus/bin/64bit/innovus(_ZNK7Redline7Command3RunERNS_6EditorERKNS_14KeyCombinationE+0x1c)[0x1093873c]
/software/ECE/Innovus-19.1/tools/innovus/bin/64bit/innovus(_ZN7Redline6Editor9Internals3RunEb+0xe0)[0x1091d260]
/software/ECE/Innovus-19.1/tools/innovus/bin/64bit/innovus[0x18c13cf7]
/software/ECE/Innovus-19.1/tools/innovus/bin/64bit/innovus(Tcl_ServiceEvent+0x87)[0x18bd5747]
/software/ECE/Innovus-19.1/tools/innovus/bin/64bit/innovus(Tcl_DoOneEvent+0x129)[0x18bd5a49]
/software/ECE/Innovus-19.1/tools/lib/64bit/libtq.so(_ZN17TqEventDispatcher13processEventsE6QFlagsIN10QEventLoop17ProcessEventsFlagEE+0x6a)[0x7fb341c7223a]
/software/ECE/Innovus-19.1/tools/Qt/v5//64bit/lib/libcdsQt5Core.so.5(_ZN10QEventLoop4execE6QFlagsINS_17ProcessEventsFlagEE+0xea)[0x7fb340e1b0ca]
/software/ECE/Innovus-19.1/tools/Qt/v5//64bit/lib/libcdsQt5Core.so.5(_ZN16QCoreApplication4execEv+0x84)[0x7fb340e23954]
/software/ECE/Innovus-19.1/tools/lib/64bit/libtq.so(_ZN13TqApplication4execEv+0x177)[0x7fb341c71897]
/software/ECE/Innovus-19.1/tools/innovus/bin/64bit/innovus(_Z12edi_app_initP10Tcl_Interp+0x281)[0x48ef5e1]
/software/ECE/Innovus-19.1/tools/innovus/bin/64bit/innovus(Tcl_MainEx+0x177)[0x18bd0287]
/software/ECE/Innovus-19.1/tools/innovus/bin/64bit/innovus[0x4a47df3]
/software/ECE/Innovus-19.1/tools/innovus/bin/64bit/innovus(main+0x10b)[0x3fdb69b]
/lib64/libc.so.6(__libc_start_main+0xf5)[0x7fb33c628555]
/software/ECE/Innovus-19.1/tools/innovus/bin/64bit/innovus[0x484b9c1]
========================================
               pstack
========================================
Thread 17 (Thread 0x7fb3389bd700 (LWP 11704)):
#0  0x00007fb33c6fbb43 in select () from /lib64/libc.so.6
#1  0x0000000018c139f7 in NotifierThreadProc ()
#2  0x0000000004b1474a in create_head(void*) ()
#3  0x00007fb33d208ea5 in start_thread () from /lib64/libpthread.so.0
#4  0x00007fb33c704b0d in clone () from /lib64/libc.so.6
Thread 16 (Thread 0x7fb331131700 (LWP 11705)):
#0  0x00007fb33d20f9dd in accept () from /lib64/libpthread.so.0
#1  0x00000000174d44ae in ProcessInfo::handleConnection(void*) ()
#2  0x0000000004b1474a in create_head(void*) ()
#3  0x00007fb33d208ea5 in start_thread () from /lib64/libpthread.so.0
#4  0x00007fb33c704b0d in clone () from /lib64/libc.so.6
Thread 15 (Thread 0x7fb330930700 (LWP 11706)):
#0  0x00007fb33c6fbb43 in select () from /lib64/libc.so.6
#1  0x00000000174cc69b in ProcessInfo::sampleUsage(void*) ()
#2  0x0000000004b1474a in create_head(void*) ()
#3  0x00007fb33d208ea5 in start_thread () from /lib64/libpthread.so.0
#4  0x00007fb33c704b0d in clone () from /lib64/libc.so.6
Thread 14 (Thread 0x7fb33012f700 (LWP 11709)):
#0  0x00007fb33d20fe9d in nanosleep () from /lib64/libpthread.so.0
#1  0x0000000005f71edd in rdaiLicRecheck(void*) ()
#2  0x0000000004b1474a in create_head(void*) ()
#3  0x00007fb33d208ea5 in start_thread () from /lib64/libpthread.so.0
#4  0x00007fb33c704b0d in clone () from /lib64/libc.so.6
Thread 13 (Thread 0x7fb32ef26700 (LWP 11711)):
#0  0x00007fb33c6cb9fd in nanosleep () from /lib64/libc.so.6
#1  0x00007fb33c6cb894 in sleep () from /lib64/libc.so.6
#2  0x0000000012e9f20f in syiPeakMem(void*) ()
#3  0x0000000004b1474a in create_head(void*) ()
#4  0x00007fb33d208ea5 in start_thread () from /lib64/libpthread.so.0
#5  0x00007fb33c704b0d in clone () from /lib64/libc.so.6
Thread 12 (Thread 0x7fb32e40d700 (LWP 11740)):
#0  0x00007fb33c6f9ddd in poll () from /lib64/libc.so.6
#1  0x00007fb33e104022 in _xcb_conn_wait () from /lib64/libxcb.so.1
#2  0x00007fb33e105c6f in xcb_wait_for_event () from /lib64/libxcb.so.1
#3  0x00007fb32e462a59 in ?? () from /software/ECE/Innovus-19.1/tools/Qt/v5//64bit/lib/libcdsQt5XcbQpa.so.5
#4  0x00007fb340c3e17a in ?? () from /software/ECE/Innovus-19.1/tools/Qt/v5//64bit/lib/libcdsQt5Core.so.5
#5  0x0000000004b1474a in create_head(void*) ()
#6  0x00007fb33d208ea5 in start_thread () from /lib64/libpthread.so.0
#7  0x00007fb33c704b0d in clone () from /lib64/libc.so.6
Thread 11 (Thread 0x7fb327c47700 (LWP 11741)):
#0  0x00007fb33d20ca35 in pthread_cond_wait@@GLIBC_2.3.2 () from /lib64/libpthread.so.0
#1  0x00007fb32b6780b3 in thread_function () from /usr/lib64/dri/swrast_dri.so
#2  0x00007fb32b677c27 in impl_thrd_routine () from /usr/lib64/dri/swrast_dri.so
#3  0x0000000004b1474a in create_head(void*) ()
#4  0x00007fb33d208ea5 in start_thread () from /lib64/libpthread.so.0
#5  0x00007fb33c704b0d in clone () from /lib64/libc.so.6
Thread 10 (Thread 0x7fb327446700 (LWP 11742)):
#0  0x00007fb33d20ca35 in pthread_cond_wait@@GLIBC_2.3.2 () from /lib64/libpthread.so.0
#1  0x00007fb32b6780b3 in thread_function () from /usr/lib64/dri/swrast_dri.so
#2  0x00007fb32b677c27 in impl_thrd_routine () from /usr/lib64/dri/swrast_dri.so
#3  0x0000000004b1474a in create_head(void*) ()
#4  0x00007fb33d208ea5 in start_thread () from /lib64/libpthread.so.0
#5  0x00007fb33c704b0d in clone () from /lib64/libc.so.6
Thread 9 (Thread 0x7fb326c45700 (LWP 11743)):
#0  0x00007fb33d20ca35 in pthread_cond_wait@@GLIBC_2.3.2 () from /lib64/libpthread.so.0
#1  0x00007fb32b6780b3 in thread_function () from /usr/lib64/dri/swrast_dri.so
#2  0x00007fb32b677c27 in impl_thrd_routine () from /usr/lib64/dri/swrast_dri.so
#3  0x0000000004b1474a in create_head(void*) ()
#4  0x00007fb33d208ea5 in start_thread () from /lib64/libpthread.so.0
#5  0x00007fb33c704b0d in clone () from /lib64/libc.so.6
Thread 8 (Thread 0x7fb326444700 (LWP 11744)):
#0  0x00007fb33d20ca35 in pthread_cond_wait@@GLIBC_2.3.2 () from /lib64/libpthread.so.0
#1  0x00007fb32b6780b3 in thread_function () from /usr/lib64/dri/swrast_dri.so
#2  0x00007fb32b677c27 in impl_thrd_routine () from /usr/lib64/dri/swrast_dri.so
#3  0x0000000004b1474a in create_head(void*) ()
#4  0x00007fb33d208ea5 in start_thread () from /lib64/libpthread.so.0
#5  0x00007fb33c704b0d in clone () from /lib64/libc.so.6
Thread 7 (Thread 0x7fb325c43700 (LWP 11745)):
#0  0x00007fb33d20ca35 in pthread_cond_wait@@GLIBC_2.3.2 () from /lib64/libpthread.so.0
#1  0x00007fb32b6780b3 in thread_function () from /usr/lib64/dri/swrast_dri.so
#2  0x00007fb32b677c27 in impl_thrd_routine () from /usr/lib64/dri/swrast_dri.so
#3  0x0000000004b1474a in create_head(void*) ()
#4  0x00007fb33d208ea5 in start_thread () from /lib64/libpthread.so.0
#5  0x00007fb33c704b0d in clone () from /lib64/libc.so.6
Thread 6 (Thread 0x7fb325442700 (LWP 11746)):
#0  0x00007fb33d20ca35 in pthread_cond_wait@@GLIBC_2.3.2 () from /lib64/libpthread.so.0
#1  0x00007fb32b6780b3 in thread_function () from /usr/lib64/dri/swrast_dri.so
#2  0x00007fb32b677c27 in impl_thrd_routine () from /usr/lib64/dri/swrast_dri.so
#3  0x0000000004b1474a in create_head(void*) ()
#4  0x00007fb33d208ea5 in start_thread () from /lib64/libpthread.so.0
#5  0x00007fb33c704b0d in clone () from /lib64/libc.so.6
Thread 5 (Thread 0x7fb324c41700 (LWP 11747)):
#0  0x00007fb33d20ca35 in pthread_cond_wait@@GLIBC_2.3.2 () from /lib64/libpthread.so.0
#1  0x00007fb32b6780b3 in thread_function () from /usr/lib64/dri/swrast_dri.so
#2  0x00007fb32b677c27 in impl_thrd_routine () from /usr/lib64/dri/swrast_dri.so
#3  0x0000000004b1474a in create_head(void*) ()
#4  0x00007fb33d208ea5 in start_thread () from /lib64/libpthread.so.0
#5  0x00007fb33c704b0d in clone () from /lib64/libc.so.6
Thread 4 (Thread 0x7fb324440700 (LWP 11748)):
#0  0x00007fb33d20ca35 in pthread_cond_wait@@GLIBC_2.3.2 () from /lib64/libpthread.so.0
#1  0x00007fb32b6780b3 in thread_function () from /usr/lib64/dri/swrast_dri.so
#2  0x00007fb32b677c27 in impl_thrd_routine () from /usr/lib64/dri/swrast_dri.so
#3  0x0000000004b1474a in create_head(void*) ()
#4  0x00007fb33d208ea5 in start_thread () from /lib64/libpthread.so.0
#5  0x00007fb33c704b0d in clone () from /lib64/libc.so.6
Thread 3 (Thread 0x7fb3231b1700 (LWP 11775)):
#0  0x00007fb33d2103c1 in sigwait () from /lib64/libpthread.so.0
#1  0x000000000484c31f in ctrlCHandle(void*) ()
#2  0x0000000004b1474a in create_head(void*) ()
#3  0x00007fb33d208ea5 in start_thread () from /lib64/libpthread.so.0
#4  0x00007fb33c704b0d in clone () from /lib64/libc.so.6
Thread 2 (Thread 0x7fb30beb1700 (LWP 11812)):
#0  0x00007fb33d20ca35 in pthread_cond_wait@@GLIBC_2.3.2 () from /lib64/libpthread.so.0
#1  0x00007fb340c3efbb in QWaitCondition::wait(QMutex*, unsigned long) () from /software/ECE/Innovus-19.1/tools/Qt/v5//64bit/lib/libcdsQt5Core.so.5
#2  0x00007fb34088ae22 in ?? () from /software/ECE/Innovus-19.1/tools/Qt/v5//64bit/lib/libcdsQt5Widgets.so.5
#3  0x00007fb340c3e17a in ?? () from /software/ECE/Innovus-19.1/tools/Qt/v5//64bit/lib/libcdsQt5Core.so.5
#4  0x0000000004b1474a in create_head(void*) ()
#5  0x00007fb33d208ea5 in start_thread () from /lib64/libpthread.so.0
#6  0x00007fb33c704b0d in clone () from /lib64/libc.so.6
Thread 1 (Thread 0x7fb3461d5400 (LWP 11628)):
#0  0x00007fb33c6cb659 in waitpid () from /lib64/libc.so.6
#1  0x00007fb33c648f62 in do_system () from /lib64/libc.so.6
#2  0x00007fb33c649311 in system () from /lib64/libc.so.6
#3  0x0000000012e84eb0 in syStackTraceDump(_IO_FILE*, bool) ()
#4  0x0000000012e85308 in syStackTrace ()
#5  0x000000000484ebc4 in rdaiErrorHandler(int, siginfo*, void*) ()
#6  <signal handler called>
#7  0x000000000c9c0b0f in peLayerPitch::computeLayerPitch() ()
#8  0x000000000c9bad9a in peEngineClient::getLayerInfoById(std::vector<eeLayerInfo, std::allocator<eeLayerInfo> >&) ()
#9  0x000000000c9bbd0c in peEngineClient::getLayerInfo(std::vector<eeLayerInfo, std::allocator<eeLayerInfo> >&) ()
#10 0x0000000004dba6dc in eeExtEngineDesignData::setLayerInfo() ()
#11 0x000000000c8e9a89 in eeExtEngineDesignData::resetDesignData() [clone .constprop.419] ()
#12 0x000000000c8f07fa in dbMCRCInit() ()
#13 0x000000000c8f0a73 in peiInitializeExtractionSetUp(bool) ()
#14 0x000000000f769213 in toiCteUpdateRcCornerPostCallback(TAMmmcRcCorner*, TAMmmcUpdateRcCornerCbkInfo*) ()
#15 0x00000000130e8ba8 in TAMmmc::updateRcCorner(TAMmmcRcCorner*, char const*, float, taboolean, TAMmmcTripleFactor&, taboolean, float, taboolean, TAMmmcTripleFactor&, taboolean, TAMmmcTripleFactor&, taboolean, float, taboolean, float, taboolean, TAMmmcTripleFactor&, taboolean, TAMmmcTripleFactor&, taboolean, char const*, char const*, char const*, float, taboolean, char const*) ()
#16 0x0000000014277f20 in TaCmd_createOrUpdate_rc_corner(void*, Tcl_Interp*, int, char**, taboolean, tcmCmd*) ()
#17 0x00000000151b45e8 in tcmBaseCmd::execute(Tcl_Interp*, int, char**) ()
#18 0x00000000151a35ab in tcmMgr::cmdParser(void*, Tcl_Interp*, int, char**) ()
#19 0x0000000018b0c5b0 in TclInvokeStringCommand ()
#20 0x0000000018b10f27 in TclNRRunCallbacks ()
#21 0x0000000018b133f8 in TclEvalEx ()
#22 0x0000000018b13d26 in Tcl_EvalEx ()
#23 0x0000000018b13dcf in TclNREvalObjEx ()
#24 0x0000000018bc95cb in TclNREvalFile ()
#25 0x0000000018b27021 in TclNRSourceObjCmd ()
#26 0x0000000018b10f27 in TclNRRunCallbacks ()
#27 0x0000000018baf624 in Tcl_RecordAndEvalObj ()
#28 0x0000000018baf788 in Tcl_RecordAndEval ()
#29 0x000000000490d4ad in rdaEditCmdLineEnd(char*) ()
#30 0x000000000f807d27 in seConsole::sesMode::DoExecute(std::string const&, void*) ()
#31 0x0000000010920c3c in Redline::EmacsMode::AcceptLine() ()
#32 0x00000000109291c1 in Redline::ModeCommand<Redline::EmacsMode>::CommandFnNoKeys(boost::function<void (Redline::EmacsMode&)> const&, Redline::Editor&) ()
#33 0x0000000010938a1b in boost::detail::function::void_function_obj_invoker2<boost::_bi::bind_t<boost::_bi::unspecified, boost::function<void (Redline::Editor&)>, boost::_bi::list1<boost::arg<1> > >, void, Redline::Editor&, Redline::KeyCombination const&>::invoke(boost::detail::function::function_buffer&, Redline::Editor&, Redline::KeyCombination const&) ()
#34 0x000000001093873c in Redline::Command::Run(Redline::Editor&, Redline::KeyCombination const&) const ()
#35 0x000000001091d260 in Redline::Editor::Internals::Run(bool) ()
#36 0x0000000018c13cf7 in FileHandlerEventProc ()
#37 0x0000000018bd5747 in Tcl_ServiceEvent ()
#38 0x0000000018bd5a49 in Tcl_DoOneEvent ()
#39 0x00007fb341c7223a in TqEventDispatcher::processEvents(QFlags<QEventLoop::ProcessEventsFlag>) () from /software/ECE/Innovus-19.1/tools/lib/64bit/libtq.so
#40 0x00007fb340e1b0ca in QEventLoop::exec(QFlags<QEventLoop::ProcessEventsFlag>) () from /software/ECE/Innovus-19.1/tools/Qt/v5//64bit/lib/libcdsQt5Core.so.5
#41 0x00007fb340e23954 in QCoreApplication::exec() () from /software/ECE/Innovus-19.1/tools/Qt/v5//64bit/lib/libcdsQt5Core.so.5
#42 0x00007fb341c71897 in TqApplication::exec() () from /software/ECE/Innovus-19.1/tools/lib/64bit/libtq.so
#43 0x00000000048ef5e1 in edi_app_init(Tcl_Interp*) ()
#44 0x0000000018bd0287 in Tcl_MainEx ()
#45 0x0000000004a47df3 in child_main(int, char**) ()
#46 0x0000000003fdb69b in main ()
========================================
                gdb
========================================
Using: gdb
[New LWP 11812]
[New LWP 11775]
[New LWP 11748]
[New LWP 11747]
[New LWP 11746]
[New LWP 11745]
[New LWP 11744]
[New LWP 11743]
[New LWP 11742]
[New LWP 11741]
[New LWP 11740]
[New LWP 11711]
[New LWP 11709]
[New LWP 11706]
[New LWP 11705]
[New LWP 11704]
[Thread debugging using libthread_db enabled]
Using host libthread_db library "/lib64/libthread_db.so.1".
0x00007fb33c6cb659 in waitpid () from /lib64/libc.so.6

Thread 17 (Thread 0x7fb3389bd700 (LWP 11704)):
#0  0x00007fb33c6fbb43 in select () from /lib64/libc.so.6
#1  0x0000000018c139f7 in NotifierThreadProc ()
#2  0x0000000004b1474a in create_head(void*) ()
#3  0x00007fb33d208ea5 in start_thread () from /lib64/libpthread.so.0
#4  0x00007fb33c704b0d in clone () from /lib64/libc.so.6

Thread 16 (Thread 0x7fb331131700 (LWP 11705)):
#0  0x00007fb33d20f9dd in accept () from /lib64/libpthread.so.0
#1  0x00000000174d44ae in ProcessInfo::handleConnection(void*) ()
#2  0x0000000004b1474a in create_head(void*) ()
#3  0x00007fb33d208ea5 in start_thread () from /lib64/libpthread.so.0
#4  0x00007fb33c704b0d in clone () from /lib64/libc.so.6

Thread 15 (Thread 0x7fb330930700 (LWP 11706)):
#0  0x00007fb33c6fbb43 in select () from /lib64/libc.so.6
#1  0x00000000174cc69b in ProcessInfo::sampleUsage(void*) ()
#2  0x0000000004b1474a in create_head(void*) ()
#3  0x00007fb33d208ea5 in start_thread () from /lib64/libpthread.so.0
#4  0x00007fb33c704b0d in clone () from /lib64/libc.so.6

Thread 14 (Thread 0x7fb33012f700 (LWP 11709)):
#0  0x00007fb33d20fe9d in nanosleep () from /lib64/libpthread.so.0
#1  0x0000000005f71edd in rdaiLicRecheck(void*) ()
#2  0x0000000004b1474a in create_head(void*) ()
#3  0x00007fb33d208ea5 in start_thread () from /lib64/libpthread.so.0
#4  0x00007fb33c704b0d in clone () from /lib64/libc.so.6

Thread 13 (Thread 0x7fb32ef26700 (LWP 11711)):
#0  0x00007fb33c6cb9fd in nanosleep () from /lib64/libc.so.6
#1  0x00007fb33c6cb894 in sleep () from /lib64/libc.so.6
#2  0x0000000012e9f20f in syiPeakMem(void*) ()
#3  0x0000000004b1474a in create_head(void*) ()
#4  0x00007fb33d208ea5 in start_thread () from /lib64/libpthread.so.0
#5  0x00007fb33c704b0d in clone () from /lib64/libc.so.6

Thread 12 (Thread 0x7fb32e40d700 (LWP 11740)):
#0  0x00007fb33c6f9ddd in poll () from /lib64/libc.so.6
#1  0x00007fb33e104022 in _xcb_conn_wait () from /lib64/libxcb.so.1
#2  0x00007fb33e105c6f in xcb_wait_for_event () from /lib64/libxcb.so.1
#3  0x00007fb32e462a59 in ?? () from /software/ECE/Innovus-19.1/tools/Qt/v5//64bit/lib/libcdsQt5XcbQpa.so.5
#4  0x00007fb340c3e17a in ?? () from /software/ECE/Innovus-19.1/tools/Qt/v5//64bit/lib/libcdsQt5Core.so.5
#5  0x0000000004b1474a in create_head(void*) ()
#6  0x00007fb33d208ea5 in start_thread () from /lib64/libpthread.so.0
#7  0x00007fb33c704b0d in clone () from /lib64/libc.so.6

Thread 11 (Thread 0x7fb327c47700 (LWP 11741)):
#0  0x00007fb33d20ca35 in pthread_cond_wait@@GLIBC_2.3.2 () from /lib64/libpthread.so.0
#1  0x00007fb32b6780b3 in thread_function () from /usr/lib64/dri/swrast_dri.so
#2  0x00007fb32b677c27 in impl_thrd_routine () from /usr/lib64/dri/swrast_dri.so
#3  0x0000000004b1474a in create_head(void*) ()
#4  0x00007fb33d208ea5 in start_thread () from /lib64/libpthread.so.0
#5  0x00007fb33c704b0d in clone () from /lib64/libc.so.6

Thread 10 (Thread 0x7fb327446700 (LWP 11742)):
#0  0x00007fb33d20ca35 in pthread_cond_wait@@GLIBC_2.3.2 () from /lib64/libpthread.so.0
#1  0x00007fb32b6780b3 in thread_function () from /usr/lib64/dri/swrast_dri.so
#2  0x00007fb32b677c27 in impl_thrd_routine () from /usr/lib64/dri/swrast_dri.so
#3  0x0000000004b1474a in create_head(void*) ()
#4  0x00007fb33d208ea5 in start_thread () from /lib64/libpthread.so.0
#5  0x00007fb33c704b0d in clone () from /lib64/libc.so.6

Thread 9 (Thread 0x7fb326c45700 (LWP 11743)):
#0  0x00007fb33d20ca35 in pthread_cond_wait@@GLIBC_2.3.2 () from /lib64/libpthread.so.0
#1  0x00007fb32b6780b3 in thread_function () from /usr/lib64/dri/swrast_dri.so
#2  0x00007fb32b677c27 in impl_thrd_routine () from /usr/lib64/dri/swrast_dri.so
#3  0x0000000004b1474a in create_head(void*) ()
#4  0x00007fb33d208ea5 in start_thread () from /lib64/libpthread.so.0
#5  0x00007fb33c704b0d in clone () from /lib64/libc.so.6

Thread 8 (Thread 0x7fb326444700 (LWP 11744)):
#0  0x00007fb33d20ca35 in pthread_cond_wait@@GLIBC_2.3.2 () from /lib64/libpthread.so.0
#1  0x00007fb32b6780b3 in thread_function () from /usr/lib64/dri/swrast_dri.so
#2  0x00007fb32b677c27 in impl_thrd_routine () from /usr/lib64/dri/swrast_dri.so
#3  0x0000000004b1474a in create_head(void*) ()
#4  0x00007fb33d208ea5 in start_thread () from /lib64/libpthread.so.0
#5  0x00007fb33c704b0d in clone () from /lib64/libc.so.6

Thread 7 (Thread 0x7fb325c43700 (LWP 11745)):
#0  0x00007fb33d20ca35 in pthread_cond_wait@@GLIBC_2.3.2 () from /lib64/libpthread.so.0
#1  0x00007fb32b6780b3 in thread_function () from /usr/lib64/dri/swrast_dri.so
#2  0x00007fb32b677c27 in impl_thrd_routine () from /usr/lib64/dri/swrast_dri.so
#3  0x0000000004b1474a in create_head(void*) ()
#4  0x00007fb33d208ea5 in start_thread () from /lib64/libpthread.so.0
#5  0x00007fb33c704b0d in clone () from /lib64/libc.so.6

Thread 6 (Thread 0x7fb325442700 (LWP 11746)):
#0  0x00007fb33d20ca35 in pthread_cond_wait@@GLIBC_2.3.2 () from /lib64/libpthread.so.0
#1  0x00007fb32b6780b3 in thread_function () from /usr/lib64/dri/swrast_dri.so
#2  0x00007fb32b677c27 in impl_thrd_routine () from /usr/lib64/dri/swrast_dri.so
#3  0x0000000004b1474a in create_head(void*) ()
#4  0x00007fb33d208ea5 in start_thread () from /lib64/libpthread.so.0
#5  0x00007fb33c704b0d in clone () from /lib64/libc.so.6

Thread 5 (Thread 0x7fb324c41700 (LWP 11747)):
#0  0x00007fb33d20ca35 in pthread_cond_wait@@GLIBC_2.3.2 () from /lib64/libpthread.so.0
#1  0x00007fb32b6780b3 in thread_function () from /usr/lib64/dri/swrast_dri.so
#2  0x00007fb32b677c27 in impl_thrd_routine () from /usr/lib64/dri/swrast_dri.so
#3  0x0000000004b1474a in create_head(void*) ()
#4  0x00007fb33d208ea5 in start_thread () from /lib64/libpthread.so.0
#5  0x00007fb33c704b0d in clone () from /lib64/libc.so.6

Thread 4 (Thread 0x7fb324440700 (LWP 11748)):
#0  0x00007fb33d20ca35 in pthread_cond_wait@@GLIBC_2.3.2 () from /lib64/libpthread.so.0
#1  0x00007fb32b6780b3 in thread_function () from /usr/lib64/dri/swrast_dri.so
#2  0x00007fb32b677c27 in impl_thrd_routine () from /usr/lib64/dri/swrast_dri.so
#3  0x0000000004b1474a in create_head(void*) ()
#4  0x00007fb33d208ea5 in start_thread () from /lib64/libpthread.so.0
#5  0x00007fb33c704b0d in clone () from /lib64/libc.so.6

Thread 3 (Thread 0x7fb3231b1700 (LWP 11775)):
#0  0x00007fb33d2103c1 in sigwait () from /lib64/libpthread.so.0
#1  0x000000000484c31f in ctrlCHandle(void*) ()
#2  0x0000000004b1474a in create_head(void*) ()
#3  0x00007fb33d208ea5 in start_thread () from /lib64/libpthread.so.0
#4  0x00007fb33c704b0d in clone () from /lib64/libc.so.6

Thread 2 (Thread 0x7fb30beb1700 (LWP 11812)):
#0  0x00007fb33d20ca35 in pthread_cond_wait@@GLIBC_2.3.2 () from /lib64/libpthread.so.0
#1  0x00007fb340c3efbb in QWaitCondition::wait(QMutex*, unsigned long) () from /software/ECE/Innovus-19.1/tools/Qt/v5//64bit/lib/libcdsQt5Core.so.5
#2  0x00007fb34088ae22 in ?? () from /software/ECE/Innovus-19.1/tools/Qt/v5//64bit/lib/libcdsQt5Widgets.so.5
#3  0x00007fb340c3e17a in ?? () from /software/ECE/Innovus-19.1/tools/Qt/v5//64bit/lib/libcdsQt5Core.so.5
#4  0x0000000004b1474a in create_head(void*) ()
#5  0x00007fb33d208ea5 in start_thread () from /lib64/libpthread.so.0
#6  0x00007fb33c704b0d in clone () from /lib64/libc.so.6

Thread 1 (Thread 0x7fb3461d5400 (LWP 11628)):
#0  0x00007fb33c6cb659 in waitpid () from /lib64/libc.so.6
#1  0x00007fb33c648f62 in do_system () from /lib64/libc.so.6
#2  0x00007fb33c649311 in system () from /lib64/libc.so.6
#3  0x0000000012e84eb0 in syStackTraceDump(_IO_FILE*, bool) ()
#4  0x0000000012e85308 in syStackTrace ()
#5  0x000000000484ebc4 in rdaiErrorHandler(int, siginfo*, void*) ()
#6  <signal handler called>
#7  0x000000000c9c0b0f in peLayerPitch::computeLayerPitch() ()
#8  0x000000000c9bad9a in peEngineClient::getLayerInfoById(std::vector<eeLayerInfo, std::allocator<eeLayerInfo> >&) ()
#9  0x000000000c9bbd0c in peEngineClient::getLayerInfo(std::vector<eeLayerInfo, std::allocator<eeLayerInfo> >&) ()
#10 0x0000000004dba6dc in eeExtEngineDesignData::setLayerInfo() ()
#11 0x000000000c8e9a89 in eeExtEngineDesignData::resetDesignData() [clone .constprop.419] ()
#12 0x000000000c8f07fa in dbMCRCInit() ()
#13 0x000000000c8f0a73 in peiInitializeExtractionSetUp(bool) ()
#14 0x000000000f769213 in toiCteUpdateRcCornerPostCallback(TAMmmcRcCorner*, TAMmmcUpdateRcCornerCbkInfo*) ()
#15 0x00000000130e8ba8 in TAMmmc::updateRcCorner(TAMmmcRcCorner*, char const*, float, taboolean, TAMmmcTripleFactor&, taboolean, float, taboolean, TAMmmcTripleFactor&, taboolean, TAMmmcTripleFactor&, taboolean, float, taboolean, float, taboolean, TAMmmcTripleFactor&, taboolean, TAMmmcTripleFactor&, taboolean, char const*, char const*, char const*, float, taboolean, char const*) ()
#16 0x0000000014277f20 in TaCmd_createOrUpdate_rc_corner(void*, Tcl_Interp*, int, char**, taboolean, tcmCmd*) ()
#17 0x00000000151b45e8 in tcmBaseCmd::execute(Tcl_Interp*, int, char**) ()
#18 0x00000000151a35ab in tcmMgr::cmdParser(void*, Tcl_Interp*, int, char**) ()
#19 0x0000000018b0c5b0 in TclInvokeStringCommand ()
#20 0x0000000018b10f27 in TclNRRunCallbacks ()
#21 0x0000000018b133f8 in TclEvalEx ()
#22 0x0000000018b13d26 in Tcl_EvalEx ()
#23 0x0000000018b13dcf in TclNREvalObjEx ()
#24 0x0000000018bc95cb in TclNREvalFile ()
#25 0x0000000018b27021 in TclNRSourceObjCmd ()
#26 0x0000000018b10f27 in TclNRRunCallbacks ()
#27 0x0000000018baf624 in Tcl_RecordAndEvalObj ()
#28 0x0000000018baf788 in Tcl_RecordAndEval ()
#29 0x000000000490d4ad in rdaEditCmdLineEnd(char*) ()
#30 0x000000000f807d27 in seConsole::sesMode::DoExecute(std::string const&, void*) ()
#31 0x0000000010920c3c in Redline::EmacsMode::AcceptLine() ()
#32 0x00000000109291c1 in Redline::ModeCommand<Redline::EmacsMode>::CommandFnNoKeys(boost::function<void (Redline::EmacsMode&)> const&, Redline::Editor&) ()
#33 0x0000000010938a1b in boost::detail::function::void_function_obj_invoker2<boost::_bi::bind_t<boost::_bi::unspecified, boost::function<void (Redline::Editor&)>, boost::_bi::list1<boost::arg<1> > >, void, Redline::Editor&, Redline::KeyCombination const&>::invoke(boost::detail::function::function_buffer&, Redline::Editor&, Redline::KeyCombination const&) ()
#34 0x000000001093873c in Redline::Command::Run(Redline::Editor&, Redline::KeyCombination const&) const ()
#35 0x000000001091d260 in Redline::Editor::Internals::Run(bool) ()
#36 0x0000000018c13cf7 in FileHandlerEventProc ()
#37 0x0000000018bd5747 in Tcl_ServiceEvent ()
#38 0x0000000018bd5a49 in Tcl_DoOneEvent ()
#39 0x00007fb341c7223a in TqEventDispatcher::processEvents(QFlags<QEventLoop::ProcessEventsFlag>) () from /software/ECE/Innovus-19.1/tools/lib/64bit/libtq.so
#40 0x00007fb340e1b0ca in QEventLoop::exec(QFlags<QEventLoop::ProcessEventsFlag>) () from /software/ECE/Innovus-19.1/tools/Qt/v5//64bit/lib/libcdsQt5Core.so.5
#41 0x00007fb340e23954 in QCoreApplication::exec() () from /software/ECE/Innovus-19.1/tools/Qt/v5//64bit/lib/libcdsQt5Core.so.5
#42 0x00007fb341c71897 in TqApplication::exec() () from /software/ECE/Innovus-19.1/tools/lib/64bit/libtq.so
#43 0x00000000048ef5e1 in edi_app_init(Tcl_Interp*) ()
#44 0x0000000018bd0287 in Tcl_MainEx ()
#45 0x0000000004a47df3 in child_main(int, char**) ()
#46 0x0000000003fdb69b in main ()
A debugging session is active.

	Inferior 1 [process 11628] will be detached.

Quit anyway? (y or n) [answered Y; input not from terminal]
[Inferior 1 (process 11628) detached]

*** Memory Usage v#1 (Current mem = 734.426M, initial mem = 283.785M) ***
*** Message Summary: 1 warning(s), 2 error(s)

--- Ending "Innovus" (totcpu=0:00:25.8, real=0:01:40, mem=734.4M) ---
